This is pdfTeX, Version 3.14159265-2.6-1.40.17 (MiKTeX 2.9) (preloaded format=pdflatex 2016.9.8)  2 APR 2017 17:43
entering extended mode
**./chapter_results.tex
(chapter_results.tex
LaTeX2e <2016/03/31> patch level 3
Babel <3.9r> and hyphenation patterns for 75 language(s) loaded.
(tudthesis.cls
Document Class: tudthesis 2009/05/15 0.96 Joe Werner's TUD-Design-Manual packag
e
(D:\MikTEX\tex\latex\xkeyval\xkeyval.sty
Package: xkeyval 2014/12/03 v2.7a package option processing (HA)

(D:\MikTEX\tex\generic\xkeyval\xkeyval.tex
(D:\MikTEX\tex\generic\xkeyval\xkvutils.tex
\XKV@toks=\toks14
\XKV@tempa@toks=\toks15

(D:\MikTEX\tex\generic\xkeyval\keyval.tex))
\XKV@depth=\count79
File: xkeyval.tex 2014/12/03 v2.7a key=value parser (HA)
))
Class tudthesis Info: Unknown option 'article`. Pass to tudreport class. on inp
ut line 37.
Class tudthesis Info: Unknown option 'colorback`. Pass to tudreport class. on i
nput line 37.
Class tudthesis Info: Unknown option 'accentcolor=tud9c`. Pass to tudreport cla
ss. on input line 37.
 (tudreport.cls
Document Class: tudreport 2009/11/17 1.13 Clemens von Loewenich's and Joe Werne
r's TUD-Design package
(D:\MikTEX\tex\latex\base\ifthen.sty
Package: ifthen 2014/09/29 v1.1c Standard LaTeX ifthen package (DPC)
)
Class tudreport Info: Option `paper=a4report' selected. on input line 142.

(C:\Users\Ben\AppData\Roaming\MiKTeX\2.9\tex\latex\koma-script\scrartcl.cls
Document Class: scrartcl 2016/06/14 v3.21 KOMA-Script document class (article)
(C:\Users\Ben\AppData\Roaming\MiKTeX\2.9\tex\latex\koma-script\scrkbase.sty
Package: scrkbase 2016/06/14 v3.21 KOMA-Script package (KOMA-Script-dependent b
asics and keyval usage)

(C:\Users\Ben\AppData\Roaming\MiKTeX\2.9\tex\latex\koma-script\scrbase.sty
Package: scrbase 2016/06/14 v3.21 KOMA-Script package (KOMA-Script-independent 
basics and keyval usage)

(C:\Users\Ben\AppData\Roaming\MiKTeX\2.9\tex\latex\koma-script\scrlfile.sty
Package: scrlfile 2016/06/14 v3.21 KOMA-Script package (loading files)

Package scrlfile, 2016/06/14 v3.21 KOMA-Script package (loading files)
                  Copyright (C) Markus Kohm

))) (C:\Users\Ben\AppData\Roaming\MiKTeX\2.9\tex\latex\koma-script\tocbasic.sty
Package: tocbasic 2016/06/14 v3.21 KOMA-Script package (handling toc-files)
\scr@dte@tocline@numberwidth=\skip41
\scr@dte@tocline@numbox=\box26
)
Package tocbasic Info: omitting babel extension for `toc'
(tocbasic)             because of feature `nobabel' available
(tocbasic)             for `toc' on input line 130.
Package tocbasic Info: omitting babel extension for `lof'
(tocbasic)             because of feature `nobabel' available
(tocbasic)             for `lof' on input line 131.
Package tocbasic Info: omitting babel extension for `lot'
(tocbasic)             because of feature `nobabel' available
(tocbasic)             for `lot' on input line 132.
Class scrartcl Info: File `scrsize11pt.clo' used instead of
(scrartcl)           file `scrsize11.clo' to setup font sizes on input line 205
2.

(C:\Users\Ben\AppData\Roaming\MiKTeX\2.9\tex\latex\koma-script\scrsize11pt.clo
File: scrsize11pt.clo 2016/06/14 v3.21 KOMA-Script font size class option (11pt
)
) (C:\Users\Ben\AppData\Roaming\MiKTeX\2.9\tex\latex\koma-script\typearea.sty
Package: typearea 2016/06/14 v3.21 KOMA-Script package (type area)

Package typearea, 2016/06/14 v3.21 KOMA-Script package (type area)
                  Copyright (C) Frank Neukam, 1992-1994
                  Copyright (C) Markus Kohm, 1994-

\ta@bcor=\skip42
\ta@div=\count80
\ta@hblk=\skip43
\ta@vblk=\skip44
\ta@temp=\skip45
\footheight=\skip46
Package typearea Info: These are the values describing the layout:
(typearea)             DIV  = 10
(typearea)             BCOR = 0.0pt
(typearea)             \paperwidth      = 597.50793pt
(typearea)              \textwidth      = 418.25555pt
(typearea)              DIV departure   = -6%
(typearea)              \evensidemargin = 17.3562pt
(typearea)              \oddsidemargin  = 17.3562pt
(typearea)             \paperheight     = 845.04694pt
(typearea)              \textheight     = 595.80026pt
(typearea)              \topmargin      = -25.16531pt
(typearea)              \headheight     = 17.0pt
(typearea)              \headsep        = 20.40001pt
(typearea)              \topskip        = 11.0pt
(typearea)              \footskip       = 47.6pt
(typearea)              \baselineskip   = 13.6pt
(typearea)              on input line 1529.
)
\c@part=\count81
\c@section=\count82
\c@subsection=\count83
\c@subsubsection=\count84
\c@paragraph=\count85
\c@subparagraph=\count86
\scr@dte@part@maxnumwidth=\skip47
\scr@dte@section@maxnumwidth=\skip48
\scr@dte@subsection@maxnumwidth=\skip49
\scr@dte@subsubsection@maxnumwidth=\skip50
\scr@dte@paragraph@maxnumwidth=\skip51
\scr@dte@subparagraph@maxnumwidth=\skip52
LaTeX Info: Redefining \textsubscript on input line 4036.
\abovecaptionskip=\skip53
\belowcaptionskip=\skip54
\c@pti@nb@sid@b@x=\box27
\c@figure=\count87
\c@table=\count88
Class scrartcl Info: Redefining `\numberline' on input line 5049.
\bibindent=\dimen102
) (D:\MikTEX\tex\latex\tools\calc.sty
Package: calc 2014/10/28 v4.3 Infix arithmetic (KKT,FJ)
\calc@Acount=\count89
\calc@Bcount=\count90
\calc@Adimen=\dimen103
\calc@Bdimen=\dimen104
\calc@Askip=\skip55
\calc@Bskip=\skip56
LaTeX Info: Redefining \setlength on input line 80.
LaTeX Info: Redefining \addtolength on input line 81.
\calc@Ccount=\count91
\calc@Cskip=\skip57
) (tudcolours.sty
Package: tudcolours 2009/03/12 1.9 Clemens von Loewenich's and Joe Werner's TUD
-Design package

(C:\Users\Ben\AppData\Roaming\MiKTeX\2.9\tex\latex\xcolor\xcolor.sty
Package: xcolor 2016/05/11 v2.12 LaTeX color extensions (UK)

(D:\MikTEX\tex\latex\00miktex\color.cfg
File: color.cfg 2016/01/02 v1.6 sample color configuration
)
Package xcolor Info: Package option `override' ignored on input line 216.
Package xcolor Info: Driver file: pdftex.def on input line 225.

(D:\MikTEX\tex\latex\graphics-def\pdftex.def
File: pdftex.def 2016/07/10 v0.06j Graphics/color for pdfTeX

(D:\MikTEX\tex\generic\oberdiek\infwarerr.sty
Package: infwarerr 2016/05/16 v1.4 Providing info/warning/error messages (HO)
)
(D:\MikTEX\tex\generic\oberdiek\ltxcmds.sty
Package: ltxcmds 2016/05/16 v1.23 LaTeX kernel commands for general use (HO)
)
\Gread@gobject=\count92
)
Package xcolor Info: Model `cmy' substituted by `cmy0' on input line 1348.
Package xcolor Info: Model `hsb' substituted by `rgb' on input line 1352.
Package xcolor Info: Model `RGB' extended on input line 1364.
Package xcolor Info: Model `HTML' substituted by `rgb' on input line 1366.
Package xcolor Info: Model `Hsb' substituted by `hsb' on input line 1367.
Package xcolor Info: Model `tHsb' substituted by `hsb' on input line 1368.
Package xcolor Info: Model `HSB' substituted by `hsb' on input line 1369.
Package xcolor Info: Model `Gray' substituted by `gray' on input line 1370.
Package xcolor Info: Model `wave' substituted by `hsb' on input line 1371.
) (tudcolours.cfg
File: tudcolours.cfg 2008/12/03
) (tudcolours.def
File: tudcolours.def 2008/12/03
)) (tudreprt_fonts.sty
Package: tudreprt_fonts 2009/00/18 1.11 Clemens von Loewenich's and Joe Werner'
s TUD-Design package
 (tudfonts.sty
Package: tudfonts 2009/09/18 1.12 Clemens von Loewenich's and Joe Werner's TUD-
Design package
 (D:\MikTEX\tex\latex\base\fontenc.sty
Package: fontenc 2016/06/19 v1.99m Standard LaTeX package

(D:\MikTEX\tex\latex\base\t1enc.def
File: t1enc.def 2016/06/19 v1.99m Standard LaTeX file
LaTeX Font Info:    Redeclaring font encoding T1 on input line 48.
)) (D:\MikTEX\tex\latex\base\textcomp.sty
Package: textcomp 2016/06/19 v1.99m Standard LaTeX package
Package textcomp Info: Sub-encoding information:
(textcomp)               5 = only ISO-Adobe without \textcurrency
(textcomp)               4 = 5 + \texteuro
(textcomp)               3 = 4 + \textohm
(textcomp)               2 = 3 + \textestimated + \textcurrency
(textcomp)               1 = TS1 - \textcircled - \t
(textcomp)               0 = TS1 (full)
(textcomp)             Font families with sub-encoding setting implement
(textcomp)             only a restricted character set as indicated.
(textcomp)             Family '?' is the default used for unknown fonts.
(textcomp)             See the documentation for details.
Package textcomp Info: Setting ? sub-encoding to TS1/1 on input line 79.
Package textcomp Info: Changing ? sub-encoding to TS1/4 on input line 80.

(D:\MikTEX\tex\latex\base\ts1enc.def
File: ts1enc.def 2001/06/05 v3.0e (jk/car/fm) Standard LaTeX file
)
LaTeX Info: Redefining \oldstylenums on input line 334.
Package textcomp Info: Setting cmr sub-encoding to TS1/0 on input line 349.
Package textcomp Info: Setting cmss sub-encoding to TS1/0 on input line 350.
Package textcomp Info: Setting cmtt sub-encoding to TS1/0 on input line 351.
Package textcomp Info: Setting cmvtt sub-encoding to TS1/0 on input line 352.
Package textcomp Info: Setting cmbr sub-encoding to TS1/0 on input line 353.
Package textcomp Info: Setting cmtl sub-encoding to TS1/0 on input line 354.
Package textcomp Info: Setting ccr sub-encoding to TS1/0 on input line 355.
Package textcomp Info: Setting ptm sub-encoding to TS1/4 on input line 356.
Package textcomp Info: Setting pcr sub-encoding to TS1/4 on input line 357.
Package textcomp Info: Setting phv sub-encoding to TS1/4 on input line 358.
Package textcomp Info: Setting ppl sub-encoding to TS1/3 on input line 359.
Package textcomp Info: Setting pag sub-encoding to TS1/4 on input line 360.
Package textcomp Info: Setting pbk sub-encoding to TS1/4 on input line 361.
Package textcomp Info: Setting pnc sub-encoding to TS1/4 on input line 362.
Package textcomp Info: Setting pzc sub-encoding to TS1/4 on input line 363.
Package textcomp Info: Setting bch sub-encoding to TS1/4 on input line 364.
Package textcomp Info: Setting put sub-encoding to TS1/5 on input line 365.
Package textcomp Info: Setting uag sub-encoding to TS1/5 on input line 366.
Package textcomp Info: Setting ugq sub-encoding to TS1/5 on input line 367.
Package textcomp Info: Setting ul8 sub-encoding to TS1/4 on input line 368.
Package textcomp Info: Setting ul9 sub-encoding to TS1/4 on input line 369.
Package textcomp Info: Setting augie sub-encoding to TS1/5 on input line 370.
Package textcomp Info: Setting dayrom sub-encoding to TS1/3 on input line 371.
Package textcomp Info: Setting dayroms sub-encoding to TS1/3 on input line 372.

Package textcomp Info: Setting pxr sub-encoding to TS1/0 on input line 373.
Package textcomp Info: Setting pxss sub-encoding to TS1/0 on input line 374.
Package textcomp Info: Setting pxtt sub-encoding to TS1/0 on input line 375.
Package textcomp Info: Setting txr sub-encoding to TS1/0 on input line 376.
Package textcomp Info: Setting txss sub-encoding to TS1/0 on input line 377.
Package textcomp Info: Setting txtt sub-encoding to TS1/0 on input line 378.
Package textcomp Info: Setting lmr sub-encoding to TS1/0 on input line 379.
Package textcomp Info: Setting lmdh sub-encoding to TS1/0 on input line 380.
Package textcomp Info: Setting lmss sub-encoding to TS1/0 on input line 381.
Package textcomp Info: Setting lmssq sub-encoding to TS1/0 on input line 382.
Package textcomp Info: Setting lmvtt sub-encoding to TS1/0 on input line 383.
Package textcomp Info: Setting lmtt sub-encoding to TS1/0 on input line 384.
Package textcomp Info: Setting qhv sub-encoding to TS1/0 on input line 385.
Package textcomp Info: Setting qag sub-encoding to TS1/0 on input line 386.
Package textcomp Info: Setting qbk sub-encoding to TS1/0 on input line 387.
Package textcomp Info: Setting qcr sub-encoding to TS1/0 on input line 388.
Package textcomp Info: Setting qcs sub-encoding to TS1/0 on input line 389.
Package textcomp Info: Setting qpl sub-encoding to TS1/0 on input line 390.
Package textcomp Info: Setting qtm sub-encoding to TS1/0 on input line 391.
Package textcomp Info: Setting qzc sub-encoding to TS1/0 on input line 392.
Package textcomp Info: Setting qhvc sub-encoding to TS1/0 on input line 393.
Package textcomp Info: Setting futs sub-encoding to TS1/4 on input line 394.
Package textcomp Info: Setting futx sub-encoding to TS1/4 on input line 395.
Package textcomp Info: Setting futj sub-encoding to TS1/4 on input line 396.
Package textcomp Info: Setting hlh sub-encoding to TS1/3 on input line 397.
Package textcomp Info: Setting hls sub-encoding to TS1/3 on input line 398.
Package textcomp Info: Setting hlst sub-encoding to TS1/3 on input line 399.
Package textcomp Info: Setting hlct sub-encoding to TS1/5 on input line 400.
Package textcomp Info: Setting hlx sub-encoding to TS1/5 on input line 401.
Package textcomp Info: Setting hlce sub-encoding to TS1/5 on input line 402.
Package textcomp Info: Setting hlcn sub-encoding to TS1/5 on input line 403.
Package textcomp Info: Setting hlcw sub-encoding to TS1/5 on input line 404.
Package textcomp Info: Setting hlcf sub-encoding to TS1/5 on input line 405.
Package textcomp Info: Setting pplx sub-encoding to TS1/3 on input line 406.
Package textcomp Info: Setting pplj sub-encoding to TS1/3 on input line 407.
Package textcomp Info: Setting ptmx sub-encoding to TS1/4 on input line 408.
Package textcomp Info: Setting ptmj sub-encoding to TS1/4 on input line 409.
) (D:\MikTEX\tex\latex\base\fix-cm.sty
Package: fix-cm 2015/01/14 v1.1t fixes to LaTeX

(D:\MikTEX\tex\latex\base\ts1enc.def
File: ts1enc.def 2001/06/05 v3.0e (jk/car/fm) Standard LaTeX file
LaTeX Font Info:    Redeclaring font encoding TS1 on input line 47.
))
(C:\Users\Ben\AppData\Roaming\MiKTeX\2.9\tex\latex\mathdesign\mathdesign.sty
Package: mathdesign 2013/08/29 v2.31 Math Design Project

(C:\Users\Ben\AppData\Roaming\MiKTeX\2.9\tex\latex\mathdesign\mdbch\mdbch.cfg)
(C:\Users\Ben\AppData\Roaming\MiKTeX\2.9\tex\latex\mathdesign\mdbch\mdbch.sty
Package: mdbch 2013/08/29 v2.31 bitstream bitstream charter + mdbch (Math Desig
n Project)

(C:\Users\Ben\AppData\Roaming\MiKTeX\2.9\tex\latex\mathdesign\mdfont.def
File: mdfont.def 2013/08/29 v2.31 (Math Design Project)
)
(C:\Users\Ben\AppData\Roaming\MiKTeX\2.9\tex\latex\mathdesign\mdsffont.def
File: mdsffont.def 2013/08/29 v2.31 (Math Design Project)
)
(C:\Users\Ben\AppData\Roaming\MiKTeX\2.9\tex\latex\mathdesign\mdttfont.def
File: mdttfont.def 2013/08/29 v2.31 (Math Design Project)
)
\symmdcal=\mathgroup4
LaTeX Font Info:    Overwriting symbol font `mdcal' in version `bold'
(Font)                  OMS/mdbch/m/n --> OMS/mdbch/b/n on input line 97.
\symmdscr=\mathgroup5
LaTeX Font Info:    Overwriting symbol font `mdscr' in version `bold'
(Font)                  OMS/mdbch/m/n --> OMS/mdbch/b/n on input line 103.
LaTeX Font Info:    Overwriting math alphabet `\mathfrak' in version `bold'
(Font)                  U/xmdeuf/m/n --> U/xmdeuf/b/n on input line 110.
LaTeX Font Info:    Overwriting symbol font `operators' in version `normal'
(Font)                  OT1/cmr/m/n --> OT1/mdbch/m/n on input line 121.
LaTeX Font Info:    Overwriting symbol font `letters' in version `normal'
(Font)                  OML/cmm/m/it --> OML/mdbch/m/it on input line 122.
LaTeX Font Info:    Overwriting symbol font `symbols' in version `normal'
(Font)                  OMS/cmsy/m/n --> OMS/mdbch/m/n on input line 123.
LaTeX Font Info:    Overwriting symbol font `largesymbols' in version `normal'
(Font)                  OMX/cmex/m/n --> OMX/mdbch/m/n on input line 124.
LaTeX Font Info:    Overwriting symbol font `operators' in version `bold'
(Font)                  OT1/cmr/bx/n --> OT1/mdbch/b/n on input line 126.
LaTeX Font Info:    Overwriting symbol font `letters' in version `bold'
(Font)                  OML/cmm/b/it --> OML/mdbch/b/it on input line 127.
LaTeX Font Info:    Overwriting symbol font `symbols' in version `bold'
(Font)                  OMS/cmsy/b/n --> OMS/mdbch/b/n on input line 128.
LaTeX Font Info:    Overwriting symbol font `largesymbols' in version `bold'
(Font)                  OMX/cmex/m/n --> OMX/mdbch/b/n on input line 129.
LaTeX Font Info:    Overwriting math alphabet `\mathrm' in version `normal'
(Font)                  OT1/mdbch/m/n --> T1/mdbch/m/n on input line 131.
LaTeX Font Info:    Overwriting math alphabet `\mathbf' in version `normal'
(Font)                  OT1/cmr/bx/n --> T1/mdbch/b/n on input line 132.
LaTeX Font Info:    Overwriting math alphabet `\mathit' in version `normal'
(Font)                  OT1/cmr/m/it --> T1/mdbch/m/it on input line 133.
LaTeX Font Info:    Overwriting math alphabet `\mathsf' in version `normal'
(Font)                  OT1/cmss/m/n --> T1/cmss/m/n on input line 134.
LaTeX Font Info:    Overwriting math alphabet `\mathtt' in version `normal'
(Font)                  OT1/cmtt/m/n --> T1/cmtt/m/n on input line 135.
LaTeX Font Info:    Overwriting math alphabet `\mathrm' in version `bold'
(Font)                  OT1/mdbch/b/n --> T1/mdbch/b/n on input line 137.
LaTeX Font Info:    Overwriting math alphabet `\mathbf' in version `bold'
(Font)                  OT1/cmr/bx/n --> T1/mdbch/b/n on input line 138.
LaTeX Font Info:    Overwriting math alphabet `\mathit' in version `bold'
(Font)                  OT1/cmr/bx/it --> T1/mdbch/b/it on input line 139.
LaTeX Font Info:    Overwriting math alphabet `\mathsf' in version `bold'
(Font)                  OT1/cmss/bx/n --> T1/cmss/b/n on input line 140.
LaTeX Font Info:    Overwriting math alphabet `\mathtt' in version `bold'
(Font)                  OT1/cmtt/m/n --> T1/cmtt/b/n on input line 141.
\symlettersupright=\mathgroup6
LaTeX Font Info:    Overwriting symbol font `lettersupright' in version `bold'
(Font)                  OML/mdbch/m/n --> OML/mdbch/b/n on input line 144.
LaTeX Font Info:    Redeclaring math alphabet \mathrm on input line 145.
LaTeX Font Info:    Overwriting math alphabet `\mathcal' in version `normal'
(Font)                  OMS/mdbch/m/n --> OMS/mdbch/m/n on input line 167.
LaTeX Font Info:    Try loading font information for T1+mdbch on input line 186
.

(C:\Users\Ben\AppData\Roaming\MiKTeX\2.9\tex\latex\mathdesign\mdbch\t1mdbch.fd
File: t1mdbch.fd 2013/08/29 Fontinst v1.933 font definitions for T1/mdbch.
)
LaTeX Font Info:    Font shape `T1/mdbch/m/n' will be
(Font)              scaled to size 10.51207pt on input line 186.
LaTeX Font Info:    Redeclaring math accent \widetilde on input line 449.
LaTeX Font Info:    Redeclaring math accent \widehat on input line 450.
\symmathdesignA=\mathgroup7
LaTeX Font Info:    Overwriting symbol font `mathdesignA' in version `bold'
(Font)                  MDA/mdbch/m/n --> MDA/mdbch/b/n on input line 491.
\symmathdesignB=\mathgroup8
LaTeX Font Info:    Overwriting symbol font `mathdesignB' in version `bold'
(Font)                  MDB/mdbch/m/n --> MDB/mdbch/b/n on input line 498.
\@emptytoks=\toks16
LaTeX Font Info:    Redeclaring math accent \widetilde on input line 532.
LaTeX Font Info:    Redeclaring math accent \widehat on input line 533.
\rulethickness=\skip58
) (D:\MikTEX\tex\latex\base\fontenc.sty
Package: fontenc 2016/06/19 v1.99m Standard LaTeX package
 (D:\MikTEX\tex\latex\base\t1enc.def
File: t1enc.def 2016/06/19 v1.99m Standard LaTeX file
LaTeX Font Info:    Redeclaring font encoding T1 on input line 48.
)))
\symutopiasymbol=\mathgroup9
LaTeX Font Info:    Overwriting math alphabet `\mathmb' in version `normal'
(Font)                  T1/5ch/mb/n --> T1/5ch/mb/n on input line 34.
LaTeX Font Info:    Overwriting math alphabet `\mathmb' in version `bold'
(Font)                  T1/5ch/mb/n --> T1/5ch/mb/n on input line 35.
LaTeX Info: Redefining \em on input line 37.
\fontheight=\skip59
\fontdepth=\skip60
\fontstrutbox=\box28
LaTeX Info: Redefining \LaTeX on input line 108.
)
LaTeX Font Info:    Font shape `T1/mdbch/m/n' will be
(Font)              scaled to size 9.12006pt on input line 239.
)
\TUD@headfootsep=\skip61
 (tudpage.sty
Package: tudpage 2009/08/11 1.10 Clemens von Loewenich's and Joe Werner's TUD-D
esign package
 (tudpaper.sty
Package: tudpaper 2009/01/28 1.9 Clemens von Loewenich's and Joe Werner's TUD-D
esign package
 (D:\MikTEX\tex\latex\graphics\graphicx.sty
Package: graphicx 2014/10/28 v1.0g Enhanced LaTeX Graphics (DPC,SPQR)

(D:\MikTEX\tex\latex\graphics\graphics.sty
Package: graphics 2016/07/10 v1.0t Standard LaTeX Graphics (DPC,SPQR)

(D:\MikTEX\tex\latex\graphics\trig.sty
Package: trig 2016/01/03 v1.10 sin cos tan (DPC)
)
(D:\MikTEX\tex\latex\00miktex\graphics.cfg
File: graphics.cfg 2016/06/04 v1.11 sample graphics configuration
)
Package graphics Info: Driver file: pdftex.def on input line 99.
)
\Gin@req@height=\dimen105
\Gin@req@width=\dimen106
)
(C:\Users\Ben\AppData\Roaming\MiKTeX\2.9\tex\latex\eso-pic\eso-pic.sty
Package: eso-pic 2015/07/21 v2.0g eso-pic (RN)

(D:\MikTEX\tex\generic\oberdiek\atbegshi.sty
Package: atbegshi 2016/06/09 v1.18 At begin shipout hook (HO)

(D:\MikTEX\tex\generic\oberdiek\ifpdf.sty
Package: ifpdf 2016/05/14 v3.1 Provides the ifpdf switch
)))
\TUD@logo@height=\skip62
\TUD@logo@leftskip=\skip63
\TUD@sep@top=\skip64
\TUD@sep@left=\skip65
\TUD@sep@right=\skip66
\TUD@sep@bottom=\skip67
\TUD@titlepos=\skip68
\TUD@titlebox@sep@left=\skip69
\TUD@titlebox@sep@right=\skip70
\TUD@titlebox@sep@bottom=\skip71
\TUD@subtitlebox@sep=\skip72
\TUD@textwidth=\skip73
\TUD@cols@width=\skip74
\TUD@cols@sep=\skip75
\c@TUD@cols@n=\count93
 (tudrules.sty
Package: tudrules 2008/10/09 1.6 Clemens von Loewenich's and Joe Werner's TUD-D
esign package
\TUD@indentbar@height=\skip76
\TUD@indentbar@depth=\skip77
\TUD@indentbar@totalheight=\skip78
\@TUD@indentbar@width=\skip79
\@TUD@largeruleheight=\skip80
\@TUD@smallruleheight=\skip81
\@TUD@rulesep=\skip82
\@TUD@ruleheight=\skip83
)
\TUD@indentbarheight=\skip84

(D:\MikTEX\tex\latex\geometry\geometry.sty
Package: geometry 2010/09/12 v5.6 Page Geometry

(D:\MikTEX\tex\generic\oberdiek\ifvtex.sty
Package: ifvtex 2016/05/16 v1.6 Detect VTeX and its facilities (HO)
Package ifvtex Info: VTeX not detected.
)
(D:\MikTEX\tex\generic\ifxetex\ifxetex.sty
Package: ifxetex 2010/09/12 v0.6 Provides ifxetex conditional
)
\Gm@cnth=\count94
\Gm@cntv=\count95
\c@Gm@tempcnt=\count96
\Gm@bindingoffset=\dimen107
\Gm@wd@mp=\dimen108
\Gm@odd@mp=\dimen109
\Gm@even@mp=\dimen110
\Gm@layoutwidth=\dimen111
\Gm@layoutheight=\dimen112
\Gm@layouthoffset=\dimen113
\Gm@layoutvoffset=\dimen114
\Gm@dimlist=\toks17

(D:\MikTEX\tex\latex\geometry\geometry.cfg)))
\TUD@footparindent=\skip85


Class scrartcl Warning: Usage of package `fancyhdr' together
(scrartcl)              with a KOMA-Script class is not recommended.
(scrartcl)              I'd suggest to use 
(scrartcl)              package `scrlayer-scrpage'.
(scrartcl)              Nevertheless, using requested
(scrartcl)              package `fancyhdr' on input line 47.

(C:\Users\Ben\AppData\Roaming\MiKTeX\2.9\tex\latex\fancyhdr\fancyhdr.sty
\fancy@headwidth=\skip86
\f@ncyO@elh=\skip87
\f@ncyO@erh=\skip88
\f@ncyO@olh=\skip89
\f@ncyO@orh=\skip90
\f@ncyO@elf=\skip91
\f@ncyO@erf=\skip92
\f@ncyO@olf=\skip93
\f@ncyO@orf=\skip94
))
(tudheading.sty
Package: tudheading 2009/12/31 1.17 Clemens von Loewenich's and Joe Werner's TU
D-Design package


Class scrartcl Warning: Usage of package `titlesec' together
(scrartcl)              with a KOMA-Script class is not recommended.
(scrartcl)              I'd suggest to use the package only
(scrartcl)              if you really need it, because it breaks several
(scrartcl)              KOMA-Script features, i.e., option `headings' and
(scrartcl)              the extended optional argument of the section
(scrartcl)              commands.
(scrartcl)              Nevertheless, using requested
(scrartcl)              package `titlesec' on input line 12.

(C:\Users\Ben\AppData\Roaming\MiKTeX\2.9\tex\latex\titlesec\titlesec.sty
Package: titlesec 2016/03/21 v2.10.2 Sectioning titles
\ttl@box=\box29
\beforetitleunit=\skip95
\aftertitleunit=\skip96
\ttl@plus=\dimen115
\ttl@minus=\dimen116
\ttl@toksa=\toks18
\titlewidth=\dimen117
\titlewidthlast=\dimen118
\titlewidthfirst=\dimen119


Package titlesec Warning: Non standard sectioning command detected
(titlesec)                Using default spacing and no format.


Package titlesec Warning: Non standard sectioning command detected
(titlesec)                Using default spacing and no format.


Package titlesec Warning: Non standard sectioning command detected
(titlesec)                Using default spacing and no format.


Package titlesec Warning: Non standard sectioning command detected
(titlesec)                Using default spacing and no format.


Package titlesec Warning: Non standard sectioning command detected
(titlesec)                Using default spacing and no format.

)

Package scrartcl Warning: Activating an ugly workaround for a missing
(scrartcl)                feature of package `titlesec` on input line 12.

\c@seclinedepth=\count97
\TUD@chapter@diff@height=\skip97
LaTeX Font Info:    Font shape `T1/mdbch/m/n' will be
(Font)              scaled to size 9.60007pt on input line 75.
\@TUD@above@headskip=\skip98
\@TUD@below@headskip=\skip99
(tudheading.def
File: tudheading.def 2009/07/14
\TUD@part@tmp@height=\skip100
\TUD@part@tmp@depth=\skip101
\@TUD@partbox=\box30
)
\TUD@parind=\skip102
\TUD@chapind=\skip103
\TUD@secind=\skip104
\TUD@subsecind=\skip105
\TUD@subsubsecind=\skip106

(C:\Users\Ben\AppData\Roaming\MiKTeX\2.9\tex\latex\titlesec\block.tss
File: block.tss 2016/03/15
))
(tudredef.sty
Package: tudredef 2010/04/10 1.2 Clemens von Loewenich's and Joe Werner's TUD-D
esign package
\TUD@abstract@count=\count98
) (tudreprt_title.sty
Package: tudreprt_title 2014/09/20 1.12 Clemens von Loewenich's and Joe Werner'
s TUD-Design package
\TUD@sponsorlogo=\box31
\TUD@titleskip=\skip107
)) (tudthess_title.sty
Package: tudthess_title 2010/03/22 0.99 Joe Werner's TUD-Design-Manual package
))
(C:\Users\Ben\AppData\Roaming\MiKTeX\2.9\tex\latex\wrapfig\wrapfig.sty
\wrapoverhang=\dimen120
\WF@size=\dimen121
\c@WF@wrappedlines=\count99
\WF@box=\box32
\WF@everypar=\toks19
Package: wrapfig 2003/01/31  v 3.6
)
(D:\MikTEX\tex\latex\amsmath\amsmath.sty
Package: amsmath 2016/06/28 v2.15d AMS math features
\@mathmargin=\skip108

For additional information on amsmath, use the `?' option.
(D:\MikTEX\tex\latex\amsmath\amstext.sty
Package: amstext 2000/06/29 v2.01 AMS text

(D:\MikTEX\tex\latex\amsmath\amsgen.sty
File: amsgen.sty 1999/11/30 v2.0 generic functions
\@emptytoks=\toks20
\ex@=\dimen122
))
(D:\MikTEX\tex\latex\amsmath\amsbsy.sty
Package: amsbsy 1999/11/29 v1.2d Bold Symbols
\pmbraise@=\dimen123
)
(D:\MikTEX\tex\latex\amsmath\amsopn.sty
Package: amsopn 2016/03/08 v2.02 operator names
)
\inf@bad=\count100
LaTeX Info: Redefining \frac on input line 199.
\uproot@=\count101
\leftroot@=\count102
LaTeX Info: Redefining \overline on input line 297.
\classnum@=\count103
\DOTSCASE@=\count104
LaTeX Info: Redefining \ldots on input line 394.
LaTeX Info: Redefining \dots on input line 397.
LaTeX Info: Redefining \cdots on input line 518.
\Mathstrutbox@=\box33
\strutbox@=\box34
\big@size=\dimen124
LaTeX Font Info:    Redeclaring font encoding OML on input line 634.
LaTeX Font Info:    Redeclaring font encoding OMS on input line 635.
\macc@depth=\count105
\c@MaxMatrixCols=\count106
\dotsspace@=\muskip10
\c@parentequation=\count107
\dspbrk@lvl=\count108
\tag@help=\toks21
\row@=\count109
\column@=\count110
\maxfields@=\count111
\andhelp@=\toks22
\eqnshift@=\dimen125
\alignsep@=\dimen126
\tagshift@=\dimen127
\tagwidth@=\dimen128
\totwidth@=\dimen129
\lineht@=\dimen130
\@envbody=\toks23
\multlinegap=\skip109
\multlinetaggap=\skip110
\mathdisplay@stack=\toks24
LaTeX Info: Redefining \[ on input line 2739.
LaTeX Info: Redefining \] on input line 2740.
)

LaTeX Warning: Unused global option(s):
    [article,colorback,accentcolor=tud9c].

(chapter_results.aux

LaTeX Warning: Label `fig:SiPM_scheme' multiply defined.


LaTeX Warning: Label `fig:CHECSTILE' multiply defined.


LaTeX Warning: Label `fig:CHECSTILE' multiply defined.


LaTeX Warning: Label `fig:' multiply defined.


LaTeX Warning: Label `fig:' multiply defined.

)
\openout1 = `chapter_results.aux'.

LaTeX Font Info:    Checking defaults for OML/cmm/m/it on input line 26.
LaTeX Font Info:    ... okay on input line 26.
LaTeX Font Info:    Checking defaults for T1/cmr/m/n on input line 26.
LaTeX Font Info:    ... okay on input line 26.
LaTeX Font Info:    Checking defaults for OT1/cmr/m/n on input line 26.
LaTeX Font Info:    ... okay on input line 26.
LaTeX Font Info:    Checking defaults for OMS/cmsy/m/n on input line 26.
LaTeX Font Info:    ... okay on input line 26.
LaTeX Font Info:    Checking defaults for OMX/cmex/m/n on input line 26.
LaTeX Font Info:    ... okay on input line 26.
LaTeX Font Info:    Checking defaults for U/cmr/m/n on input line 26.
LaTeX Font Info:    ... okay on input line 26.
LaTeX Font Info:    Checking defaults for TS1/cmr/m/n on input line 26.
LaTeX Font Info:    ... okay on input line 26.
LaTeX Font Info:    Checking defaults for MDA/cmr/m/n on input line 26.
LaTeX Font Info:    Try loading font information for MDA+cmr on input line 26.
 (C:\Users\Ben\AppData\Roaming\MiKTeX\2.9\tex\latex\mathdesign\mdacmr.fd
File: mdacmr.fd 
)
LaTeX Font Info:    ... okay on input line 26.
LaTeX Font Info:    Checking defaults for MDB/cmr/m/n on input line 26.
LaTeX Font Info:    Try loading font information for MDB+cmr on input line 26.

(C:\Users\Ben\AppData\Roaming\MiKTeX\2.9\tex\latex\mathdesign\mdbcmr.fd
File: mdbcmr.fd 
)
LaTeX Font Info:    ... okay on input line 26.
LaTeX Font Info:    Try loading font information for T1+5ch on input line 26.
LaTeX Font Info:    No file T15ch.fd. on input line 26.


LaTeX Font Warning: Font shape `T1/5ch/m/n' undefined
(Font)              using `T1/cmr/m/n' instead on input line 26.

(C:\Users\Ben\AppData\Roaming\MiKTeX\2.9\tex\context\base\supp-pdf.mkii
[Loading MPS to PDF converter (version 2006.09.02).]
\scratchcounter=\count112
\scratchdimen=\dimen131
\scratchbox=\box35
\nofMPsegments=\count113
\nofMParguments=\count114
\everyMPshowfont=\toks25
\MPscratchCnt=\count115
\MPscratchDim=\dimen132
\MPnumerator=\count116
\makeMPintoPDFobject=\count117
\everyMPtoPDFconversion=\toks26
) (D:\MikTEX\tex\generic\oberdiek\pdftexcmds.sty
Package: pdftexcmds 2016/05/21 v0.22 Utility functions of pdfTeX for LuaTeX (HO
)

(D:\MikTEX\tex\generic\oberdiek\ifluatex.sty
Package: ifluatex 2016/05/16 v1.4 Provides the ifluatex switch (HO)
Package ifluatex Info: LuaTeX not detected.
)
Package pdftexcmds Info: LuaTeX not detected.
Package pdftexcmds Info: \pdf@primitive is available.
Package pdftexcmds Info: \pdf@ifprimitive is available.
Package pdftexcmds Info: \pdfdraftmode found.
)
(D:\MikTEX\tex\latex\oberdiek\epstopdf-base.sty
Package: epstopdf-base 2016/05/15 v2.6 Base part for package epstopdf

(D:\MikTEX\tex\latex\oberdiek\grfext.sty
Package: grfext 2016/05/16 v1.2 Manage graphics extensions (HO)

(D:\MikTEX\tex\generic\oberdiek\kvdefinekeys.sty
Package: kvdefinekeys 2016/05/16 v1.4 Define keys (HO)
))
(D:\MikTEX\tex\latex\oberdiek\kvoptions.sty
Package: kvoptions 2016/05/16 v3.12 Key value format for package options (HO)

(D:\MikTEX\tex\generic\oberdiek\kvsetkeys.sty
Package: kvsetkeys 2016/05/16 v1.17 Key value parser (HO)

(D:\MikTEX\tex\generic\oberdiek\etexcmds.sty
Package: etexcmds 2016/05/16 v1.6 Avoid name clashes with e-TeX commands (HO)
Package etexcmds Info: Could not find \expanded.
(etexcmds)             That can mean that you are not using pdfTeX 1.50 or
(etexcmds)             that some package has redefined \expanded.
(etexcmds)             In the latter case, load this package earlier.
)))
Package epstopdf-base Info: Redefining graphics rule for `.eps' on input line 4
38.
Package grfext Info: Graphics extension search list:
(grfext)             [.png,.pdf,.jpg,.mps,.jpeg,.jbig2,.jb2,.PNG,.PDF,.JPG,.JPE
G,.JBIG2,.JB2,.eps]
(grfext)             \AppendGraphicsExtensions on input line 456.
)
\AtBeginShipoutBox=\box36

*geometry* detected driver: dvips
*geometry* verbose mode - [ preamble ] result:
* driver: dvips
* paper: a4paper
* layout: <same size as paper>
* layoutoffset:(h,v)=(0.0pt,0.0pt)
* modes: includehead includefoot includemp 
* h-part:(L,W,R)=(56.9055pt, 497.92325pt, 42.67912pt)
* v-part:(T,H,B)=(42.67912pt, 745.46222pt, 56.9055pt)
* \paperwidth=597.50787pt
* \paperheight=845.04684pt
* \textwidth=497.92325pt
* \textheight=704.89777pt
* \oddsidemargin=-15.36449pt
* \evensidemargin=-15.36449pt
* \topmargin=-29.59087pt
* \headheight=16.56445pt
* \headsep=12.0pt
* \topskip=11.0pt
* \footskip=12.0pt
* \marginparwidth=0.0pt
* \marginparsep=0.0pt
* \columnsep=11.95013pt
* \skip\footins=10.0pt plus 4.0pt minus 2.0pt
* \hoffset=0.0pt
* \voffset=0.0pt
* \mag=1000
* \@twocolumnfalse
* \@twosidefalse
* \@mparswitchfalse
* \@reversemarginfalse
* (1in=72.27pt=25.4mm, 1cm=28.453pt)

\TUD@part@topskip=\skip111

Package  Warning: Command `\dateofexam ' ignored!
()                See documentation for details. on input line 34.

\@TUD@tmp@baselineskip=\skip112
\@TUD@tmp@parwidth=\skip113
\TUD@titleboxheight=\skip114
\TUD@titleboxdepth=\skip115
\TUD@subtitleboxheight=\skip116
\TUD@subtitleboxdepth=\skip117
\TUD@logoboxheight=\skip118
\TUD@logoboxwidth=\skip119
\TUD@colorbackheight=\skip120
\TUD@colorbacktitleheight=\skip121
\TUD@instboxheight=\skip122
\TUD@instboxdepth=\skip123
\TUD@instboxwidth=\skip124
\TUD@instlogoheight=\skip125
\TUD@instlogowidth=\skip126
\TUD@sponsorheight=\skip127
\TUD@titlebox=\box37
\TUD@subtitlebox=\box38
\TUD@logobox=\box39
\TUD@instbox=\box40
\TUD@sponsorbox=\box41
\TUD@tmp@height=\skip128
\TUD@tmp@depth=\skip129
LaTeX Font Info:    Try loading font information for T1+5fp on input line 36.
LaTeX Font Info:    No file T15fp.fd. on input line 36.

LaTeX Font Warning: Font shape `T1/5fp/mb/n' undefined
(Font)              using `T1/cmr/m/n' instead on input line 36.

LaTeX Font Info:    Try loading font information for OT1+mdbch on input line 36
.

(C:\Users\Ben\AppData\Roaming\MiKTeX\2.9\tex\latex\mathdesign\mdbch\ot1mdbch.fd
File: ot1mdbch.fd 2013/08/29 Fontinst v1.933 font definitions for OT1/mdbch.
)
LaTeX Font Info:    Font shape `OT1/mdbch/m/n' will be
(Font)              scaled to size 9.50406pt on input line 36.
LaTeX Font Info:    Font shape `OT1/mdbch/m/n' will be
(Font)              scaled to size 6.62404pt on input line 36.
LaTeX Font Info:    Font shape `OT1/mdbch/m/n' will be
(Font)              scaled to size 5.66403pt on input line 36.
LaTeX Font Info:    Try loading font information for OML+mdbch on input line 36
.

(C:\Users\Ben\AppData\Roaming\MiKTeX\2.9\tex\latex\mathdesign\mdbch\omlmdbch.fd
File: omlmdbch.fd 2013/08/29 Fontinst v1.933 font definitions for OML/mdbch.
)
LaTeX Font Info:    Font shape `OML/mdbch/m/it' will be
(Font)              scaled to size 9.50406pt on input line 36.
LaTeX Font Info:    Font shape `OML/mdbch/m/it' will be
(Font)              scaled to size 6.62404pt on input line 36.
LaTeX Font Info:    Font shape `OML/mdbch/m/it' will be
(Font)              scaled to size 5.66403pt on input line 36.
LaTeX Font Info:    Try loading font information for OMS+mdbch on input line 36
.

(C:\Users\Ben\AppData\Roaming\MiKTeX\2.9\tex\latex\mathdesign\mdbch\omsmdbch.fd
File: omsmdbch.fd 2013/08/29 Fontinst v1.933 font definitions for OMS/mdbch.
)
LaTeX Font Info:    Font shape `OMS/mdbch/m/n' will be
(Font)              scaled to size 9.50406pt on input line 36.
LaTeX Font Info:    Font shape `OMS/mdbch/m/n' will be
(Font)              scaled to size 6.62404pt on input line 36.
LaTeX Font Info:    Font shape `OMS/mdbch/m/n' will be
(Font)              scaled to size 5.66403pt on input line 36.
LaTeX Font Info:    Try loading font information for OMX+mdbch on input line 36
.

(C:\Users\Ben\AppData\Roaming\MiKTeX\2.9\tex\latex\mathdesign\mdbch\omxmdbch.fd
File: omxmdbch.fd 2013/08/29 Fontinst v1.933 font definitions for OMX/mdbch.
)
LaTeX Font Info:    Font shape `OMX/mdbch/m/n' will be
(Font)              scaled to size 9.50406pt on input line 36.
LaTeX Font Info:    Font shape `OMX/mdbch/m/n' will be
(Font)              scaled to size 6.62404pt on input line 36.
LaTeX Font Info:    Font shape `OMX/mdbch/m/n' will be
(Font)              scaled to size 5.66403pt on input line 36.
LaTeX Font Info:    Font shape `OML/mdbch/m/n' will be
(Font)              scaled to size 9.50406pt on input line 36.
LaTeX Font Info:    Font shape `OML/mdbch/m/n' will be
(Font)              scaled to size 6.62404pt on input line 36.
LaTeX Font Info:    Font shape `OML/mdbch/m/n' will be
(Font)              scaled to size 5.66403pt on input line 36.
LaTeX Font Info:    Try loading font information for MDA+mdbch on input line 36
.

(C:\Users\Ben\AppData\Roaming\MiKTeX\2.9\tex\latex\mathdesign\mdbch\mdamdbch.fd
File: mdamdbch.fd 2013/08/29 Fontinst v1.933 font definitions for MDA/mdbch.
)
LaTeX Font Info:    Font shape `MDA/mdbch/m/n' will be
(Font)              scaled to size 9.50406pt on input line 36.
LaTeX Font Info:    Font shape `MDA/mdbch/m/n' will be
(Font)              scaled to size 6.62404pt on input line 36.
LaTeX Font Info:    Font shape `MDA/mdbch/m/n' will be
(Font)              scaled to size 5.66403pt on input line 36.
LaTeX Font Info:    Try loading font information for MDB+mdbch on input line 36
.

(C:\Users\Ben\AppData\Roaming\MiKTeX\2.9\tex\latex\mathdesign\mdbch\mdbmdbch.fd
File: mdbmdbch.fd 2013/08/29 Fontinst v1.933 font definitions for MDB/mdbch.
)
LaTeX Font Info:    Font shape `MDB/mdbch/m/n' will be
(Font)              scaled to size 9.50406pt on input line 36.
LaTeX Font Info:    Font shape `MDB/mdbch/m/n' will be
(Font)              scaled to size 6.62404pt on input line 36.
LaTeX Font Info:    Font shape `MDB/mdbch/m/n' will be
(Font)              scaled to size 5.66403pt on input line 36.
LaTeX Font Info:    Try loading font information for OML+mdput on input line 36
.

(C:\Users\Ben\AppData\Roaming\MiKTeX\2.9\tex\latex\mathdesign\mdput\omlmdput.fd
File: omlmdput.fd 2013/08/29 Fontinst v1.933 font definitions for OML/mdput.
)
LaTeX Font Info:    Font shape `OML/mdput/m/it' will be
(Font)              scaled to size 9.30602pt on input line 36.
LaTeX Font Info:    Font shape `OML/mdput/m/it' will be
(Font)              scaled to size 6.48601pt on input line 36.
LaTeX Font Info:    Font shape `OML/mdput/m/it' will be
(Font)              scaled to size 5.546pt on input line 36.
\@TUD@titlelines=\count118


Package  Warning: Title has more then 3 lines. Fontsize reduced on input line 3
6.


LaTeX Font Warning: Font shape `T1/5fp/m/n' undefined
(Font)              using `T1/cmr/m/n' instead on input line 36.

<tud_logo.pdf, id=1, 157.58875pt x 63.23625pt>
File: tud_logo.pdf Graphic file (type pdf)
 <use tud_logo.pdf>
Package pdftex.def Info: tud_logo.pdf used on input line 36.
(pdftex.def)             Requested size: 134.92238pt x 62.59605pt.
File: tud_logo.pdf Graphic file (type pdf)

<use tud_logo.pdf>
Package pdftex.def Info: tud_logo.pdf used on input line 36.
(pdftex.def)             Requested size: 134.92238pt x 62.59605pt.
\@TUD@logolines=\count119
 [-1
Non-PDF special ignored!


Non-PDF special ignored!{C:/Users/Ben/AppData/Local/MiKTeX/2.9/pdftex/config/pd
ftex.map} <./tud_logo.pdf>]
Underfull \hbox (badness 10000) in paragraph at lines 36--36

 []

LaTeX Font Info:    Try loading font information for T1+5sf on input line 36.
LaTeX Font Info:    No file T15sf.fd. on input line 36.

LaTeX Font Warning: Font shape `T1/5sf/m/n' undefined
(Font)              using `T1/cmr/m/n' instead on input line 36.

<by-nc-nd.pdf, id=15, 121.45375pt x 43.16125pt>
File: by-nc-nd.pdf Graphic file (type pdf)
 <use by-nc-nd.pdf>
Package pdftex.def Info: by-nc-nd.pdf used on input line 36.
(pdftex.def)             Requested size: 121.45343pt x 43.16113pt.
 [0

 <./by-nc-nd.pdf>] [1




] (chapter_results.toc [2

])
\tf@toc=\write3
\openout3 = `chapter_results.toc'.

 [3] [4] [5]
<D:/OwnCloudData/00_WriteUP/04_Thesis/Pic/Proposal/Fig/Fermi_image01.jpg, id=43
, 592.2125pt x 376.40625pt>
File: D:/OwnCloudData/00_WriteUP/04_Thesis/Pic/Proposal/Fig/Fermi_image01.jpg G
raphic file (type jpg)

<use D:/OwnCloudData/00_WriteUP/04_Thesis/Pic/Proposal/Fig/Fermi_image01.jpg>
Package pdftex.def Info: D:/OwnCloudData/00_WriteUP/04_Thesis/Pic/Proposal/Fig/
Fermi_image01.jpg used on input line 66.
(pdftex.def)             Requested size: 149.37848pt x 94.93987pt.

<D:/OwnCloudData/00_WriteUP/04_Thesis/Pic/Proposal/Fig/01_astroparticle_field.j
pg, id=44, 160.1985pt x 91.542pt>
File: D:/OwnCloudData/00_WriteUP/04_Thesis/Pic/Proposal/Fig/01_astroparticle_fi
eld.jpg Graphic file (type jpg)

<use D:/OwnCloudData/00_WriteUP/04_Thesis/Pic/Proposal/Fig/01_astroparticle_fie
ld.jpg>
Package pdftex.def Info: D:/OwnCloudData/00_WriteUP/04_Thesis/Pic/Proposal/Fig/
01_astroparticle_field.jpg used on input line 73.
(pdftex.def)             Requested size: 160.1981pt x 91.54178pt.

Underfull \hbox (badness 10000) in paragraph at lines 80--87

 []

[6 <D:/OwnCloudData/00_WriteUP/04_Thesis/Pic/Proposal/Fig/01_astroparticle_fiel
d.jpg> <D:/OwnCloudData/00_WriteUP/04_Thesis/Pic/Proposal/Fig/Fermi_image01.jpg
>]
<D:/OwnCloudData/00_WriteUP/04_Thesis/Pic/Proposal/Fig/gamma.jpg, id=50, 301.12
5pt x 400.49625pt>
File: D:/OwnCloudData/00_WriteUP/04_Thesis/Pic/Proposal/Fig/gamma.jpg Graphic f
ile (type jpg)

<use D:/OwnCloudData/00_WriteUP/04_Thesis/Pic/Proposal/Fig/gamma.jpg>
Package pdftex.def Info: D:/OwnCloudData/00_WriteUP/04_Thesis/Pic/Proposal/Fig/
gamma.jpg used on input line 100.
(pdftex.def)             Requested size: 199.16626pt x 264.90277pt.

Underfull \hbox (badness 3449) in paragraph at lines 104--109
\T1/5fp/mb/n/9.5 ray as-tron-omy was mainly done by satel-lite based in-stru-
 []


Underfull \hbox (badness 1584) in paragraph at lines 104--109
\T1/5fp/mb/n/9.5 ments like Fer-mi-LAT. That said, we can still see their ef-
 []


Underfull \hbox (badness 2495) in paragraph at lines 104--109
\T1/5fp/mb/n/9.5 to re-con-struct where our source of gamma rays is in the
 []


Underfull \hbox (badness 10000) in paragraph at lines 104--109

 []


Underfull \hbox (badness 2221) in paragraph at lines 110--111
[]\T1/5fp/mb/n/9.5 Also able to re-con-struct the en-ergy of the orig-i-nal pho
-
 []


Underfull \hbox (badness 3343) in paragraph at lines 110--111
\T1/5fp/mb/n/9.5 ton from the amount of light pro-duced. This is pos-si-
 []


Underfull \hbox (badness 1642) in paragraph at lines 110--111
\T1/5fp/mb/n/9.5 ble be-cause en-ergy is con-served, so all en-ergy of the orig
-
 []


Underfull \hbox (badness 1521) in paragraph at lines 110--111
\T1/5fp/mb/n/9.5 i-nal pho-ton is now dis-tributed be-tween the par-ti-cles of 
the
 []


Underfull \hbox (badness 10000) in paragraph at lines 110--111

 []


Underfull \hbox (badness 10000) in paragraph at lines 112--113

 []


<D:/OwnCloudData/00_WriteUP/04_Thesis/Pic/Proposal/Fig/hess2.jpg, id=51, 903.37
5pt x 602.25pt>
File: D:/OwnCloudData/00_WriteUP/04_Thesis/Pic/Proposal/Fig/hess2.jpg Graphic f
ile (type jpg)

<use D:/OwnCloudData/00_WriteUP/04_Thesis/Pic/Proposal/Fig/hess2.jpg>
Package pdftex.def Info: D:/OwnCloudData/00_WriteUP/04_Thesis/Pic/Proposal/Fig/
hess2.jpg used on input line 125.
(pdftex.def)             Requested size: 903.3728pt x 602.24852pt.

<D:/OwnCloudData/00_WriteUP/04_Thesis/Pic/Proposal/Fig/magic_6_june.jpg, id=53,
 1405.25pt x 884.30376pt>
File: D:/OwnCloudData/00_WriteUP/04_Thesis/Pic/Proposal/Fig/magic_6_june.jpg Gr
aphic file (type jpg)

<use D:/OwnCloudData/00_WriteUP/04_Thesis/Pic/Proposal/Fig/magic_6_june.jpg>
Package pdftex.def Info: D:/OwnCloudData/00_WriteUP/04_Thesis/Pic/Proposal/Fig/
magic_6_june.jpg used on input line 126.
(pdftex.def)             Requested size: 1405.24658pt x 884.3016pt.

<D:/OwnCloudData/00_WriteUP/04_Thesis/Pic/Proposal/Fig/veritas_New_Array.jpg, i
d=55, 2688.0425pt x 958.58125pt>
File: D:/OwnCloudData/00_WriteUP/04_Thesis/Pic/Proposal/Fig/veritas_New_Array.j
pg Graphic file (type jpg)

<use D:/OwnCloudData/00_WriteUP/04_Thesis/Pic/Proposal/Fig/veritas_New_Array.jp
g>
Package pdftex.def Info: D:/OwnCloudData/00_WriteUP/04_Thesis/Pic/Proposal/Fig/
veritas_New_Array.jpg used on input line 127.
(pdftex.def)             Requested size: 2688.03596pt x 958.57892pt.

Underfull \hbox (badness 10000) in paragraph at lines 133--138

 []

[7 <D:/OwnCloudData/00_WriteUP/04_Thesis/Pic/Proposal/Fig/hess2.jpg> <D:/OwnClo
udData/00_WriteUP/04_Thesis/Pic/Proposal/Fig/magic_6_june.jpg> <D:/OwnCloudData
/00_WriteUP/04_Thesis/Pic/Proposal/Fig/veritas_New_Array.jpg> <D:/OwnCloudData/
00_WriteUP/04_Thesis/Pic/Proposal/Fig/gamma.jpg>]
<D:/OwnCloudData/00_WriteUP/04_Thesis/Pic/Proposal/Fig/CTA_array.png, id=63, 19
27.2pt x 1084.05pt>
File: D:/OwnCloudData/00_WriteUP/04_Thesis/Pic/Proposal/Fig/CTA_array.png Graph
ic file (type png)

<use D:/OwnCloudData/00_WriteUP/04_Thesis/Pic/Proposal/Fig/CTA_array.png>
Package pdftex.def Info: D:/OwnCloudData/00_WriteUP/04_Thesis/Pic/Proposal/Fig/
CTA_array.png used on input line 147.
(pdftex.def)             Requested size: 1927.19533pt x 1084.04736pt.

<D:/OwnCloudData/00_WriteUP/04_Thesis/Pic/Proposal/Fig/02_stereoscopic_techniqu
e.jpg, id=65, 764.10469pt x 490.08093pt>
File: D:/OwnCloudData/00_WriteUP/04_Thesis/Pic/Proposal/Fig/02_stereoscopic_tec
hnique.jpg Graphic file (type jpg)

<use D:/OwnCloudData/00_WriteUP/04_Thesis/Pic/Proposal/Fig/02_stereoscopic_tech
nique.jpg>
Package pdftex.def Info: D:/OwnCloudData/00_WriteUP/04_Thesis/Pic/Proposal/Fig/
02_stereoscopic_technique.jpg used on input line 148.
(pdftex.def)             Requested size: 764.10283pt x 490.07974pt.

Underfull \hbox (badness 10000) in paragraph at lines 164--166

 []


Underfull \hbox (badness 10000) in paragraph at lines 169--170

 []


Underfull \hbox (badness 10000) in paragraph at lines 174--175

 []

[8 <D:/OwnCloudData/00_WriteUP/04_Thesis/Pic/Proposal/Fig/CTA_array.png> <D:/Ow
nCloudData/00_WriteUP/04_Thesis/Pic/Proposal/Fig/02_stereoscopic_technique.jpg>
]
<D:/OwnCloudData/00_WriteUP/04_Thesis/Pic/Proposal/Fig/Bild1.png, id=74, 374.14
781pt x 454.69875pt>
File: D:/OwnCloudData/00_WriteUP/04_Thesis/Pic/Proposal/Fig/Bild1.png Graphic f
ile (type png)

<use D:/OwnCloudData/00_WriteUP/04_Thesis/Pic/Proposal/Fig/Bild1.png>
Package pdftex.def Info: D:/OwnCloudData/00_WriteUP/04_Thesis/Pic/Proposal/Fig/
Bild1.png used on input line 193.
(pdftex.def)             Requested size: 174.27617pt x 211.7935pt.

Underfull \hbox (badness 1968) in paragraph at lines 197--198
\T1/5fp/mb/n/9.5 need to be large in or-der to have a large FoV
 []


Underfull \hbox (badness 10000) in paragraph at lines 197--198

 []


Underfull \hbox (badness 2922) in paragraph at lines 199--202
\T1/5fp/mb/n/9.5 nif-i-cant degra-da-tion of the spot size. The re-
 []


Underfull \hbox (badness 2334) in paragraph at lines 199--202
\T1/5fp/mb/n/9.5 sult-ing phys-i-cal pixel size is more com-pact than
 []


Underfull \hbox (badness 1565) in paragraph at lines 199--202
\T1/5fp/mb/n/9.5 that of the sin-gle mir-ror op-tics and cost-effective
 []


Underfull \hbox (badness 3009) in paragraph at lines 199--202
\T1/5fp/mb/n/9.5 to-mul-ti-pli-ers (SiPMs) can be used for the cam-
 []


Underfull \hbox (badness 5036) in paragraph at lines 199--202
\T1/5fp/mb/n/9.5 tem will be more com-plex, with tighter tol-er-
 []


Underfull \hbox (badness 10000) in paragraph at lines 199--202

 []

[9 <D:/OwnCloudData/00_WriteUP/04_Thesis/Pic/Proposal/Fig/Bild1.png>]
<D:/OwnCloudData/00_WriteUp/04_Thesis/Pic/SiPM_Physics/SiPM_scheme_HPK.JPG, id=
81, 796.47563pt x 531.48563pt>
File: D:/OwnCloudData/00_WriteUp/04_Thesis/Pic/SiPM_Physics/SiPM_scheme_HPK.JPG
 Graphic file (type jpg)

<use D:/OwnCloudData/00_WriteUp/04_Thesis/Pic/SiPM_Physics/SiPM_scheme_HPK.JPG>
Package pdftex.def Info: D:/OwnCloudData/00_WriteUp/04_Thesis/Pic/SiPM_Physics/
SiPM_scheme_HPK.JPG used on input line 215.
(pdftex.def)             Requested size: 248.96162pt x 166.1294pt.

LaTeX Font Warning: Font shape `T1/5ch/b/n' undefined
(Font)              using `T1/5ch/m/n' instead on input line 220.


LaTeX Warning: Reference `fig:PAS_somewhere' on page 10 undefined on input line
 220.


Underfull \hbox (badness 10000) in paragraph at lines 219--221

 []


LaTeX Warning: Reference `SiPM_scheme' on page 10 undefined on input line 233.


Underfull \hbox (badness 10000) in paragraph at lines 236--261

 []

[10 <D:/OwnCloudData/00_WriteUp/04_Thesis/Pic/SiPM_Physics/SiPM_scheme_HPK.JPG>
]

LaTeX Warning: Reference `fig:LVR6_DCR' on page 11 undefined on input line 267.



LaTeX Warning: Reference `fig:SensL_DCR' on page 11 undefined on input line 267
.


Underfull \hbox (badness 10000) in paragraph at lines 264--268

 []

[11]
<D:/OwnCloudData/00_WriteUp/04_Thesis/Pic/SiPM_Physics/CT.JPG, id=90, 923.70094
pt x 429.85594pt>
File: D:/OwnCloudData/00_WriteUp/04_Thesis/Pic/SiPM_Physics/CT.JPG Graphic file
 (type jpg)

<use D:/OwnCloudData/00_WriteUp/04_Thesis/Pic/SiPM_Physics/CT.JPG>
Package pdftex.def Info: D:/OwnCloudData/00_WriteUp/04_Thesis/Pic/SiPM_Physics/
CT.JPG used on input line 273.
(pdftex.def)             Requested size: 248.96162pt x 115.85275pt.


LaTeX Warning: Reference `correlated_noise' on page 12 undefined on input line 
277.


LaTeX Warning: Reference `correlated_noise' on page 12 undefined on input line 
277.


LaTeX Warning: Reference `fig:LVR6_OCT' on page 12 undefined on input line 280.



LaTeX Warning: Reference `fig:SensL_OCT' on page 12 undefined on input line 280
.


Underfull \hbox (badness 10000) in paragraph at lines 276--281

 []


<D:/OwnCloudData/00_WriteUp/04_Thesis/Pic/SiPM_Physics/CellSize/OCT_vs_OV.pdf, 
id=91, 466.70297pt x 467.23622pt>
File: D:/OwnCloudData/00_WriteUp/04_Thesis/Pic/SiPM_Physics/CellSize/OCT_vs_OV.
pdf Graphic file (type pdf)

<use D:/OwnCloudData/00_WriteUp/04_Thesis/Pic/SiPM_Physics/CellSize/OCT_vs_OV.p
df>
Package pdftex.def Info: D:/OwnCloudData/00_WriteUp/04_Thesis/Pic/SiPM_Physics/
CellSize/OCT_vs_OV.pdf used on input line 287.
(pdftex.def)             Requested size: 466.70183pt x 467.23508pt.


LaTeX Warning: `h' float specifier changed to `ht'.


Underfull \vbox (badness 10000) has occurred while \output is active []

 [12 <D:/OwnCloudData/00_WriteUp/04_Thesis/Pic/SiPM_Physics/CT.JPG>] [13 <D:/Ow
nCloudData/00_WriteUp/04_Thesis/Pic/SiPM_Physics/CellSize/OCT_vs_OV.pdf>] [14]

LaTeX Warning: Reference `s' on page 15 undefined on input line 328.


LaTeX Warning: Reference `s' on page 15 undefined on input line 328.


LaTeX Warning: Reference `s' on page 15 undefined on input line 328.


LaTeX Warning: Reference `s' on page 15 undefined on input line 328.

[15]
<D:/OwnCloudData/00_WriteUp/04_Thesis/Pic/Analysis/HAM_T22.0_Vb68.5.trcFiltered
1Zoom.pdf, id=144, 533.5825pt x 410.80037pt>
File: D:/OwnCloudData/00_WriteUp/04_Thesis/Pic/Analysis/HAM_T22.0_Vb68.5.trcFil
tered1Zoom.pdf Graphic file (type pdf)

<use D:/OwnCloudData/00_WriteUp/04_Thesis/Pic/Analysis/HAM_T22.0_Vb68.5.trcFilt
ered1Zoom.pdf>
Package pdftex.def Info: D:/OwnCloudData/00_WriteUp/04_Thesis/Pic/Analysis/HAM_
T22.0_Vb68.5.trcFiltered1Zoom.pdf used on input line 355.
(pdftex.def)             Requested size: 248.96162pt x 191.67209pt.

<D:/OwnCloudData/00_WriteUp/04_Thesis/Pic/Analysis/HAM_T22.0_Vb68.5.trcFiltered
2Zoom.pdf, id=145, 533.5825pt x 410.80037pt>
File: D:/OwnCloudData/00_WriteUp/04_Thesis/Pic/Analysis/HAM_T22.0_Vb68.5.trcFil
tered2Zoom.pdf Graphic file (type pdf)

<use D:/OwnCloudData/00_WriteUp/04_Thesis/Pic/Analysis/HAM_T22.0_Vb68.5.trcFilt
ered2Zoom.pdf>
Package pdftex.def Info: D:/OwnCloudData/00_WriteUp/04_Thesis/Pic/Analysis/HAM_
T22.0_Vb68.5.trcFiltered2Zoom.pdf used on input line 367.
(pdftex.def)             Requested size: 248.96162pt x 191.67209pt.
 [16 <D:/OwnCloudData/00_WriteUp/04_Thesis/Pic/Analysis/HAM_T22.0_Vb68.5.trcFil
tered1Zoom.pdf>]
<D:/OwnCloudData/00_WriteUp/04_Thesis/Pic/GainFit/PAFit_Annotated.png, id=192, 
857.45343pt x 642.90187pt>
File: D:/OwnCloudData/00_WriteUp/04_Thesis/Pic/GainFit/PAFit_Annotated.png Grap
hic file (type png)

<use D:/OwnCloudData/00_WriteUp/04_Thesis/Pic/GainFit/PAFit_Annotated.png>
Package pdftex.def Info: D:/OwnCloudData/00_WriteUp/04_Thesis/Pic/GainFit/PAFit
_Annotated.png used on input line 375.
(pdftex.def)             Requested size: 248.96162pt x 186.66238pt.


LaTeX Warning: Reference `fig:HIST' on page 17 undefined on input line 378.


Underfull \hbox (badness 10000) in paragraph at lines 378--380

 []


Underfull \hbox (badness 10000) in paragraph at lines 378--380

 []

[17 <D:/OwnCloudData/00_WriteUp/04_Thesis/Pic/Analysis/HAM_T22.0_Vb68.5.trcFilt
ered2Zoom.pdf> <D:/OwnCloudData/00_WriteUp/04_Thesis/Pic/GainFit/PAFit_Annotate
d.png>]
<D:/OwnCloudData/00_WriteUp/04_Thesis/Pic/GainFit/GainFit_delta_pe.png, id=239,
 578.16pt x 433.62pt>
File: D:/OwnCloudData/00_WriteUp/04_Thesis/Pic/GainFit/GainFit_delta_pe.png Gra
phic file (type png)

<use D:/OwnCloudData/00_WriteUp/04_Thesis/Pic/GainFit/GainFit_delta_pe.png>
Package pdftex.def Info: D:/OwnCloudData/00_WriteUp/04_Thesis/Pic/GainFit/GainF
it_delta_pe.png used on input line 385.
(pdftex.def)             Requested size: 248.96162pt x 186.71762pt.

[18 <D:/OwnCloudData/00_WriteUp/04_Thesis/Pic/GainFit/GainFit_delta_pe.png>]
<D:/OwnCloudData/00_WriteUP/04_Thesis/Pic/AnalysisSteps/1.8_A_S_C_REGR_IntWin+M
PD/Regr/Compare_Regr_FixedGuess3mV520-55IntWinMPD100-63-25-13_DCR_vs_Vb.pdf, id
=245, 1322.40141pt x 700.66829pt>
File: D:/OwnCloudData/00_WriteUP/04_Thesis/Pic/AnalysisSteps/1.8_A_S_C_REGR_Int
Win+MPD/Regr/Compare_Regr_FixedGuess3mV520-55IntWinMPD100-63-25-13_DCR_vs_Vb.pd
f Graphic file (type pdf)

<use D:/OwnCloudData/00_WriteUP/04_Thesis/Pic/AnalysisSteps/1.8_A_S_C_REGR_IntW
in+MPD/Regr/Compare_Regr_FixedGuess3mV520-55IntWinMPD100-63-25-13_DCR_vs_Vb.pdf
>
Package pdftex.def Info: D:/OwnCloudData/00_WriteUP/04_Thesis/Pic/AnalysisSteps
/1.8_A_S_C_REGR_IntWin+MPD/Regr/Compare_Regr_FixedGuess3mV520-55IntWinMPD100-63
-25-13_DCR_vs_Vb.pdf used on input line 414.
(pdftex.def)             Requested size: 1322.3982pt x 700.66658pt.

<D:/OwnCloudData/00_WriteUP/04_Thesis/Pic/AnalysisSteps/1.9_A_S_C_REGR_Thresh3-
1p5mV/Regr/Compare_Regr_FixedGuess1p5mV-3mV520IntWinMPD100-63-25-13_DCR_vs_Vb.p
df, id=247, 1326.74577pt x 700.66829pt>
File: D:/OwnCloudData/00_WriteUP/04_Thesis/Pic/AnalysisSteps/1.9_A_S_C_REGR_Thr
esh3-1p5mV/Regr/Compare_Regr_FixedGuess1p5mV-3mV520IntWinMPD100-63-25-13_DCR_vs
_Vb.pdf Graphic file (type pdf)

<use D:/OwnCloudData/00_WriteUP/04_Thesis/Pic/AnalysisSteps/1.9_A_S_C_REGR_Thre
sh3-1p5mV/Regr/Compare_Regr_FixedGuess1p5mV-3mV520IntWinMPD100-63-25-13_DCR_vs_
Vb.pdf>
Package pdftex.def Info: D:/OwnCloudData/00_WriteUP/04_Thesis/Pic/AnalysisSteps
/1.9_A_S_C_REGR_Thresh3-1p5mV/Regr/Compare_Regr_FixedGuess1p5mV-3mV520IntWinMPD
100-63-25-13_DCR_vs_Vb.pdf used on input line 431.
(pdftex.def)             Requested size: 1326.74255pt x 700.66658pt.
 [19 <D:/OwnCloudData/00_WriteUP/04_Thesis/Pic/AnalysisSteps/1.8_A_S_C_REGR_Int
Win+MPD/Regr/Compare_Regr_FixedGuess3mV520-55IntWinMPD100-63-25-13_DCR_vs_Vb.pd
f>] [20 <D:/OwnCloudData/00_WriteUP/04_Thesis/Pic/AnalysisSteps/1.9_A_S_C_REGR_
Thresh3-1p5mV/Regr/Compare_Regr_FixedGuess1p5mV-3mV520IntWinMPD100-63-25-13_DCR
_vs_Vb.pdf>]
Underfull \hbox (badness 10000) in paragraph at lines 453--453
[]\T1/5ch/b/n/9.5 CHEC-S
 []


Overfull \hbox (2.15523pt too wide) in paragraph at lines 450--460
[][] 
 []

LaTeX Font Info:    Font shape `OT1/mdbch/m/n' will be
(Font)              scaled to size 9.98405pt on input line 463.
LaTeX Font Info:    Font shape `OT1/mdbch/m/n' will be
(Font)              scaled to size 7.00804pt on input line 463.
LaTeX Font Info:    Font shape `OT1/mdbch/m/n' will be
(Font)              scaled to size 6.04803pt on input line 463.
LaTeX Font Info:    Font shape `OML/mdbch/m/it' will be
(Font)              scaled to size 9.98405pt on input line 463.
LaTeX Font Info:    Font shape `OML/mdbch/m/it' will be
(Font)              scaled to size 7.00804pt on input line 463.
LaTeX Font Info:    Font shape `OML/mdbch/m/it' will be
(Font)              scaled to size 6.04803pt on input line 463.
LaTeX Font Info:    Font shape `OMS/mdbch/m/n' will be
(Font)              scaled to size 9.98405pt on input line 463.
LaTeX Font Info:    Font shape `OMS/mdbch/m/n' will be
(Font)              scaled to size 7.00804pt on input line 463.
LaTeX Font Info:    Font shape `OMS/mdbch/m/n' will be
(Font)              scaled to size 6.04803pt on input line 463.
LaTeX Font Info:    Font shape `OMX/mdbch/m/n' will be
(Font)              scaled to size 9.98405pt on input line 463.
LaTeX Font Info:    Font shape `OMX/mdbch/m/n' will be
(Font)              scaled to size 7.00804pt on input line 463.
LaTeX Font Info:    Font shape `OMX/mdbch/m/n' will be
(Font)              scaled to size 6.04803pt on input line 463.
LaTeX Font Info:    Font shape `OML/mdbch/m/n' will be
(Font)              scaled to size 9.98405pt on input line 463.
LaTeX Font Info:    Font shape `OML/mdbch/m/n' will be
(Font)              scaled to size 7.00804pt on input line 463.
LaTeX Font Info:    Font shape `OML/mdbch/m/n' will be
(Font)              scaled to size 6.04803pt on input line 463.
LaTeX Font Info:    Font shape `MDA/mdbch/m/n' will be
(Font)              scaled to size 9.98405pt on input line 463.
LaTeX Font Info:    Font shape `MDA/mdbch/m/n' will be
(Font)              scaled to size 7.00804pt on input line 463.
LaTeX Font Info:    Font shape `MDA/mdbch/m/n' will be
(Font)              scaled to size 6.04803pt on input line 463.
LaTeX Font Info:    Font shape `MDB/mdbch/m/n' will be
(Font)              scaled to size 9.98405pt on input line 463.
LaTeX Font Info:    Font shape `MDB/mdbch/m/n' will be
(Font)              scaled to size 7.00804pt on input line 463.
LaTeX Font Info:    Font shape `MDB/mdbch/m/n' will be
(Font)              scaled to size 6.04803pt on input line 463.
LaTeX Font Info:    Font shape `OML/mdput/m/it' will be
(Font)              scaled to size 9.77602pt on input line 463.
LaTeX Font Info:    Font shape `OML/mdput/m/it' will be
(Font)              scaled to size 6.86201pt on input line 463.
LaTeX Font Info:    Font shape `OML/mdput/m/it' will be
(Font)              scaled to size 5.92201pt on input line 463.

<D:/OwnCloudData/00_WriteUp/04_Thesis/Pic/SiPM_Pics/CHECSPIC.JPG, id=431, 558.5
8687pt x 395.97937pt>
File: D:/OwnCloudData/00_WriteUp/04_Thesis/Pic/SiPM_Pics/CHECSPIC.JPG Graphic f
ile (type jpg)

<use D:/OwnCloudData/00_WriteUp/04_Thesis/Pic/SiPM_Pics/CHECSPIC.JPG>
Package pdftex.def Info: D:/OwnCloudData/00_WriteUp/04_Thesis/Pic/SiPM_Pics/CHE
CSPIC.JPG used on input line 466.
(pdftex.def)             Requested size: 149.37848pt x 105.89473pt.

<D:/OwnCloudData/02_Results/HPK_S12642/Average_25.0_67.8_PulseShape.pdf, id=432
, 1286.2272pt x 690.80331pt>
File: D:/OwnCloudData/02_Results/HPK_S12642/Average_25.0_67.8_PulseShape.pdf Gr
aphic file (type pdf)

<use D:/OwnCloudData/02_Results/HPK_S12642/Average_25.0_67.8_PulseShape.pdf>
Package pdftex.def Info: D:/OwnCloudData/02_Results/HPK_S12642/Average_25.0_67.
8_PulseShape.pdf used on input line 473.
(pdftex.def)             Requested size: 1286.22408pt x 690.80164pt.


LaTeX Warning: `h' float specifier changed to `ht'.

[21 <D:/OwnCloudData/00_WriteUp/04_Thesis/Pic/SiPM_Pics/CHECSPIC.JPG>]

LaTeX Warning: Reference `fig:S1264_Gain' on page 22 undefined on input line 48
3.


<D:/OwnCloudData/02_Results/HPK_S12642/Paper/S12642Gain_vs_Vb_Combined.png, id=
437, 406.1574pt x 403.9893pt>
File: D:/OwnCloudData/02_Results/HPK_S12642/Paper/S12642Gain_vs_Vb_Combined.png
 Graphic file (type png)

<use D:/OwnCloudData/02_Results/HPK_S12642/Paper/S12642Gain_vs_Vb_Combined.png>
Package pdftex.def Info: D:/OwnCloudData/02_Results/HPK_S12642/Paper/S12642Gain
_vs_Vb_Combined.png used on input line 490.
(pdftex.def)             Requested size: 406.1564pt x 403.98831pt.

<D:/OwnCloudData/02_Results/HPK_S12642/Paper/S12642Gain_vs_OV_Combined.png, id=
439, 402.5439pt x 403.9893pt>
File: D:/OwnCloudData/02_Results/HPK_S12642/Paper/S12642Gain_vs_OV_Combined.png
 Graphic file (type png)

<use D:/OwnCloudData/02_Results/HPK_S12642/Paper/S12642Gain_vs_OV_Combined.png>
Package pdftex.def Info: D:/OwnCloudData/02_Results/HPK_S12642/Paper/S12642Gain
_vs_OV_Combined.png used on input line 491.
(pdftex.def)             Requested size: 402.54291pt x 403.98831pt.

<D:/OwnCloudData/02_Results/HPK_S12642/PIXELCOMPARE/CHECS-tile_pixel_comp_Gain_
vs_OV_Combined.pdf, id=441, 1285.70966pt x 692.63829pt>
File: D:/OwnCloudData/02_Results/HPK_S12642/PIXELCOMPARE/CHECS-tile_pixel_comp_
Gain_vs_OV_Combined.pdf Graphic file (type pdf)

<use D:/OwnCloudData/02_Results/HPK_S12642/PIXELCOMPARE/CHECS-tile_pixel_comp_G
ain_vs_OV_Combined.pdf>
Package pdftex.def Info: D:/OwnCloudData/02_Results/HPK_S12642/PIXELCOMPARE/CHE
CS-tile_pixel_comp_Gain_vs_OV_Combined.pdf used on input line 503.
(pdftex.def)             Requested size: 1285.70653pt x 692.6366pt.
 [22 <D:/OwnCloudData/02_Results/HPK_S12642/Average_25.0_67.8_PulseShape.pdf> <
D:/OwnCloudData/02_Results/HPK_S12642/Paper/S12642Gain_vs_Vb_Combined.png> <D:/
OwnCloudData/02_Results/HPK_S12642/Paper/S12642Gain_vs_OV_Combined.png>]
<D:/OwnCloudData/02_Results/HPK_S12642/Paper/S12642DCR_vs_Vb_Combined.png, id=4
93, 454.5783pt x 411.939pt>
File: D:/OwnCloudData/02_Results/HPK_S12642/Paper/S12642DCR_vs_Vb_Combined.png 
Graphic file (type png)

<use D:/OwnCloudData/02_Results/HPK_S12642/Paper/S12642DCR_vs_Vb_Combined.png>
Package pdftex.def Info: D:/OwnCloudData/02_Results/HPK_S12642/Paper/S12642DCR_
vs_Vb_Combined.png used on input line 517.
(pdftex.def)             Requested size: 454.57718pt x 411.93797pt.

<D:/OwnCloudData/02_Results/HPK_S12642/Paper/S12642DCR_vs_OV_Combined.png, id=4
95, 456.0237pt x 411.939pt>
File: D:/OwnCloudData/02_Results/HPK_S12642/Paper/S12642DCR_vs_OV_Combined.png 
Graphic file (type png)

<use D:/OwnCloudData/02_Results/HPK_S12642/Paper/S12642DCR_vs_OV_Combined.png>
Package pdftex.def Info: D:/OwnCloudData/02_Results/HPK_S12642/Paper/S12642DCR_
vs_OV_Combined.png used on input line 518.
(pdftex.def)             Requested size: 456.02258pt x 411.93797pt.

<D:/OwnCloudData/02_Results/HPK_S12642/PIXELCOMPARE/CHECS-tile_pixel_comp_DCR_v
s_OV_Combined.pdf, id=497, 1318.56677pt x 700.66829pt>
File: D:/OwnCloudData/02_Results/HPK_S12642/PIXELCOMPARE/CHECS-tile_pixel_comp_
DCR_vs_OV_Combined.pdf Graphic file (type pdf)

<use D:/OwnCloudData/02_Results/HPK_S12642/PIXELCOMPARE/CHECS-tile_pixel_comp_D
CR_vs_OV_Combined.pdf>
Package pdftex.def Info: D:/OwnCloudData/02_Results/HPK_S12642/PIXELCOMPARE/CHE
CS-tile_pixel_comp_DCR_vs_OV_Combined.pdf used on input line 529.
(pdftex.def)             Requested size: 1318.56357pt x 700.66658pt.

Underfull \hbox (badness 10000) in paragraph at lines 513--534

 []

[23 <D:/OwnCloudData/02_Results/HPK_S12642/PIXELCOMPARE/CHECS-tile_pixel_comp_G
ain_vs_OV_Combined.pdf> <D:/OwnCloudData/02_Results/HPK_S12642/Paper/S12642DCR_
vs_Vb_Combined.png> <D:/OwnCloudData/02_Results/HPK_S12642/Paper/S12642DCR_vs_O
V_Combined.png>]
<D:/OwnCloudData/02_Results/HPK_S12642/Paper/S12642OCT_vs_Vb_Combined.png, id=5
63, 406.1574pt x 411.939pt>
File: D:/OwnCloudData/02_Results/HPK_S12642/Paper/S12642OCT_vs_Vb_Combined.png 
Graphic file (type png)

<use D:/OwnCloudData/02_Results/HPK_S12642/Paper/S12642OCT_vs_Vb_Combined.png>
Package pdftex.def Info: D:/OwnCloudData/02_Results/HPK_S12642/Paper/S12642OCT_
vs_Vb_Combined.png used on input line 545.
(pdftex.def)             Requested size: 406.1564pt x 411.93797pt.

<D:/OwnCloudData/02_Results/HPK_S12642/Paper/S12642OCT_vs_OV_Combined.png, id=5
65, 406.1574pt x 403.9893pt>
File: D:/OwnCloudData/02_Results/HPK_S12642/Paper/S12642OCT_vs_OV_Combined.png 
Graphic file (type png)

<use D:/OwnCloudData/02_Results/HPK_S12642/Paper/S12642OCT_vs_OV_Combined.png>
Package pdftex.def Info: D:/OwnCloudData/02_Results/HPK_S12642/Paper/S12642OCT_
vs_OV_Combined.png used on input line 546.
(pdftex.def)             Requested size: 406.1564pt x 403.98831pt.

<D:/OwnCloudData/02_Results/HPK_S12642/PIXELCOMPARE/CHECS-tile_pixel_comp_OCT_v
s_OV_Combined.pdf, id=567, 1281.88286pt x 692.63829pt>
File: D:/OwnCloudData/02_Results/HPK_S12642/PIXELCOMPARE/CHECS-tile_pixel_comp_
OCT_vs_OV_Combined.pdf Graphic file (type pdf)

<use D:/OwnCloudData/02_Results/HPK_S12642/PIXELCOMPARE/CHECS-tile_pixel_comp_O
CT_vs_OV_Combined.pdf>
Package pdftex.def Info: D:/OwnCloudData/02_Results/HPK_S12642/PIXELCOMPARE/CHE
CS-tile_pixel_comp_OCT_vs_OV_Combined.pdf used on input line 555.
(pdftex.def)             Requested size: 1281.87973pt x 692.6366pt.


LaTeX Warning: `h' float specifier changed to `ht'.


LaTeX Warning: `h' float specifier changed to `ht'.

[24 <D:/OwnCloudData/02_Results/HPK_S12642/PIXELCOMPARE/CHECS-tile_pixel_comp_D
CR_vs_OV_Combined.pdf>] [25 <D:/OwnCloudData/02_Results/HPK_S12642/Paper/S12642
OCT_vs_Vb_Combined.png> <D:/OwnCloudData/02_Results/HPK_S12642/Paper/S12642OCT_
vs_OV_Combined.png> <D:/OwnCloudData/02_Results/HPK_S12642/PIXELCOMPARE/CHECS-t
ile_pixel_comp_OCT_vs_OV_Combined.pdf>]
<D:/OwnCloudData/00_WriteUp/04_Thesis/Pic/Chamber_Setup.png, id=687, 486.81876p
t x 414.54875pt>
File: D:/OwnCloudData/00_WriteUp/04_Thesis/Pic/Chamber_Setup.png Graphic file (
type png)

<use D:/OwnCloudData/00_WriteUp/04_Thesis/Pic/Chamber_Setup.png>
Package pdftex.def Info: D:/OwnCloudData/00_WriteUp/04_Thesis/Pic/Chamber_Setup
.png used on input line 570.
(pdftex.def)             Requested size: 149.37848pt x 127.1994pt.

<D:/OwnCloudData/00_WriteUp/04_Thesis/Pic/SiPM_Pics/LCT56mmPIC.JPG, id=689, 310
.91156pt x 286.06876pt>
File: D:/OwnCloudData/00_WriteUp/04_Thesis/Pic/SiPM_Pics/LCT56mmPIC.JPG Graphic
 file (type jpg)

<use D:/OwnCloudData/00_WriteUp/04_Thesis/Pic/SiPM_Pics/LCT56mmPIC.JPG>
Package pdftex.def Info: D:/OwnCloudData/00_WriteUp/04_Thesis/Pic/SiPM_Pics/LCT
56mmPIC.JPG used on input line 571.
(pdftex.def)             Requested size: 149.37848pt x 110.10202pt.

Underfull \hbox (badness 3482) in paragraph at lines 575--577
[]\T1/5ch/b/n/9.5 The Sil-i-con Pho-to-mul-ti-plier des-ig-
 []


Underfull \hbox (badness 1960) in paragraph at lines 575--577
\T1/5ch/b/n/9.5 nated HPK S13360 6050CS is an
 []


Underfull \hbox (badness 10000) in paragraph at lines 575--577

 []


Underfull \hbox (badness 10000) in paragraph at lines 575--577

 []


Underfull \hbox (badness 10000) in paragraph at lines 575--577

 []


Underfull \hbox (badness 10000) in paragraph at lines 575--577

 []


Underfull \hbox (badness 10000) in paragraph at lines 575--577

 []


<D:/OwnCloudData/02_Results/LCT5_50um_6mm/Average_25.0_55.0_PulseShape.pdf, id=
691, 1286.2272pt x 690.80331pt>
File: D:/OwnCloudData/02_Results/LCT5_50um_6mm/Average_25.0_55.0_PulseShape.pdf
 Graphic file (type pdf)

<use D:/OwnCloudData/02_Results/LCT5_50um_6mm/Average_25.0_55.0_PulseShape.pdf>
Package pdftex.def Info: D:/OwnCloudData/02_Results/LCT5_50um_6mm/Average_25.0_
55.0_PulseShape.pdf used on input line 582.
(pdftex.def)             Requested size: 1286.22408pt x 690.80164pt.
[26

 <D:/OwnCloudData/00_WriteUp/04_Thesis/Pic/Chamber_Setup.png> <D:/OwnCloudData/
00_WriteUp/04_Thesis/Pic/SiPM_Pics/LCT56mmPIC.JPG> <D:/OwnCloudData/02_Results/
LCT5_50um_6mm/Average_25.0_55.0_PulseShape.pdf>]
<D:/OwnCloudData/02_Results/LCT5_50um_6mm/Paper/LCT5_6mmGain_vs_Vb_Combined.png
, id=741, 406.1574pt x 403.9893pt>
File: D:/OwnCloudData/02_Results/LCT5_50um_6mm/Paper/LCT5_6mmGain_vs_Vb_Combine
d.png Graphic file (type png)

<use D:/OwnCloudData/02_Results/LCT5_50um_6mm/Paper/LCT5_6mmGain_vs_Vb_Combined
.png>
Package pdftex.def Info: D:/OwnCloudData/02_Results/LCT5_50um_6mm/Paper/LCT5_6m
mGain_vs_Vb_Combined.png used on input line 600.
(pdftex.def)             Requested size: 406.1564pt x 403.98831pt.

<D:/OwnCloudData/02_Results/LCT5_50um_6mm/Paper/LCT5_6mmGain_vs_OV_Combined.png
, id=743, 398.2077pt x 403.9893pt>
File: D:/OwnCloudData/02_Results/LCT5_50um_6mm/Paper/LCT5_6mmGain_vs_OV_Combine
d.png Graphic file (type png)

<use D:/OwnCloudData/02_Results/LCT5_50um_6mm/Paper/LCT5_6mmGain_vs_OV_Combined
.png>
Package pdftex.def Info: D:/OwnCloudData/02_Results/LCT5_50um_6mm/Paper/LCT5_6m
mGain_vs_OV_Combined.png used on input line 601.
(pdftex.def)             Requested size: 398.20673pt x 403.98831pt.

<D:/OwnCloudData/02_Results/LCT5_50um_6mm/Paper/LCT5_6mmDCR_vs_Vb_Combined.png,
 id=745, 450.2421pt x 411.2163pt>
File: D:/OwnCloudData/02_Results/LCT5_50um_6mm/Paper/LCT5_6mmDCR_vs_Vb_Combined
.png Graphic file (type png)

<use D:/OwnCloudData/02_Results/LCT5_50um_6mm/Paper/LCT5_6mmDCR_vs_Vb_Combined.
png>
Package pdftex.def Info: D:/OwnCloudData/02_Results/LCT5_50um_6mm/Paper/LCT5_6m
mDCR_vs_Vb_Combined.png used on input line 616.
(pdftex.def)             Requested size: 450.24098pt x 411.21529pt.

<D:/OwnCloudData/02_Results/LCT5_50um_6mm/Paper/LCT5_6mmDCR_vs_OV_Combined.png,
 id=747, 444.4605pt x 411.2163pt>
File: D:/OwnCloudData/02_Results/LCT5_50um_6mm/Paper/LCT5_6mmDCR_vs_OV_Combined
.png Graphic file (type png)

<use D:/OwnCloudData/02_Results/LCT5_50um_6mm/Paper/LCT5_6mmDCR_vs_OV_Combined.
png>
Package pdftex.def Info: D:/OwnCloudData/02_Results/LCT5_50um_6mm/Paper/LCT5_6m
mDCR_vs_OV_Combined.png used on input line 617.
(pdftex.def)             Requested size: 444.45941pt x 411.21529pt.
 [27 <D:/OwnCloudData/02_Results/LCT5_50um_6mm/Paper/LCT5_6mmGain_vs_Vb_Combine
d.png> <D:/OwnCloudData/02_Results/LCT5_50um_6mm/Paper/LCT5_6mmGain_vs_OV_Combi
ned.png> <D:/OwnCloudData/02_Results/LCT5_50um_6mm/Paper/LCT5_6mmDCR_vs_Vb_Comb
ined.png> <D:/OwnCloudData/02_Results/LCT5_50um_6mm/Paper/LCT5_6mmDCR_vs_OV_Com
bined.png>]
Underfull \hbox (badness 10000) in paragraph at lines 626--627

 []


Underfull \hbox (badness 10000) in paragraph at lines 626--627

 []


<D:/OwnCloudData/02_Results/LCT5_50um_6mm/Paper/LCT5_6mmOCT_vs_Vb_Combined.png,
 id=760, 406.1574pt x 411.2163pt>
File: D:/OwnCloudData/02_Results/LCT5_50um_6mm/Paper/LCT5_6mmOCT_vs_Vb_Combined
.png Graphic file (type png)

<use D:/OwnCloudData/02_Results/LCT5_50um_6mm/Paper/LCT5_6mmOCT_vs_Vb_Combined.
png>
Package pdftex.def Info: D:/OwnCloudData/02_Results/LCT5_50um_6mm/Paper/LCT5_6m
mOCT_vs_Vb_Combined.png used on input line 634.
(pdftex.def)             Requested size: 406.1564pt x 411.21529pt.

<D:/OwnCloudData/02_Results/LCT5_50um_6mm/Paper/LCT5_6mmOCT_vs_OV_Combined.png,
 id=762, 400.3758pt x 403.2666pt>
File: D:/OwnCloudData/02_Results/LCT5_50um_6mm/Paper/LCT5_6mmOCT_vs_OV_Combined
.png Graphic file (type png)

<use D:/OwnCloudData/02_Results/LCT5_50um_6mm/Paper/LCT5_6mmOCT_vs_OV_Combined.
png>
Package pdftex.def Info: D:/OwnCloudData/02_Results/LCT5_50um_6mm/Paper/LCT5_6m
mOCT_vs_OV_Combined.png used on input line 635.
(pdftex.def)             Requested size: 400.3748pt x 403.26561pt.
 [28 <D:/OwnCloudData/02_Results/LCT5_50um_6mm/Paper/LCT5_6mmOCT_vs_Vb_Combined
.png> <D:/OwnCloudData/02_Results/LCT5_50um_6mm/Paper/LCT5_6mmOCT_vs_OV_Combine
d.png>]
<D:/OwnCloudData/00_WriteUp/04_Thesis/Pic/SiPM_Pics/LCT57mmPIC.JPG, id=771, 154
.32657pt x 121.95563pt>
File: D:/OwnCloudData/00_WriteUp/04_Thesis/Pic/SiPM_Pics/LCT57mmPIC.JPG Graphic
 file (type jpg)

<use D:/OwnCloudData/00_WriteUp/04_Thesis/Pic/SiPM_Pics/LCT57mmPIC.JPG>
Package pdftex.def Info: D:/OwnCloudData/00_WriteUp/04_Thesis/Pic/SiPM_Pics/LCT
57mmPIC.JPG used on input line 649.
(pdftex.def)             Requested size: 199.16626pt x 153.73093pt.

Underfull \hbox (badness 10000) in paragraph at lines 653--655

 []


Underfull \hbox (badness 10000) in paragraph at lines 653--655

 []


Underfull \hbox (badness 10000) in paragraph at lines 653--655

 []


Underfull \hbox (badness 10000) in paragraph at lines 653--655

 []


Underfull \hbox (badness 10000) in paragraph at lines 653--655

 []


<D:/OwnCloudData/02_Results/LCT5_75um_7mm/Average_25.0_55.0_PulseShape.pdf, id=
773, 1286.2272pt x 690.80331pt>
File: D:/OwnCloudData/02_Results/LCT5_75um_7mm/Average_25.0_55.0_PulseShape.pdf
 Graphic file (type pdf)

<use D:/OwnCloudData/02_Results/LCT5_75um_7mm/Average_25.0_55.0_PulseShape.pdf>
Package pdftex.def Info: D:/OwnCloudData/02_Results/LCT5_75um_7mm/Average_25.0_
55.0_PulseShape.pdf used on input line 660.
(pdftex.def)             Requested size: 1286.22408pt x 690.80164pt.
[29 <D:/OwnCloudData/00_WriteUp/04_Thesis/Pic/SiPM_Pics/LCT57mmPIC.JPG> <D:/Own
CloudData/02_Results/LCT5_75um_7mm/Average_25.0_55.0_PulseShape.pdf>]
<D:/OwnCloudData/02_Results/LCT5_75um_7mm/Paper/LCT5_7mmGain_vs_OV_Combined.png
, id=822, 401.0985pt x 403.9893pt>
File: D:/OwnCloudData/02_Results/LCT5_75um_7mm/Paper/LCT5_7mmGain_vs_OV_Combine
d.png Graphic file (type png)

<use D:/OwnCloudData/02_Results/LCT5_75um_7mm/Paper/LCT5_7mmGain_vs_OV_Combined
.png>
Package pdftex.def Info: D:/OwnCloudData/02_Results/LCT5_75um_7mm/Paper/LCT5_7m
mGain_vs_OV_Combined.png used on input line 672.
(pdftex.def)             Requested size: 224.06393pt x 225.67767pt.

Underfull \hbox (badness 2495) in paragraph at lines 675--678
[]\T1/5ch/b/n/9.5 Figure(36[]) shows the gain of the LCT5 7mm de-vice.
 []


Underfull \hbox (badness 2726) in paragraph at lines 675--678
\T1/5ch/b/n/9.5 Two sets of mea-sure-ments are done for 25$[]$C to ex-
 []


Underfull \hbox (badness 2027) in paragraph at lines 675--678
\T1/5ch/b/n/9.5 tend the mea-sured range. The first set of mea-sure-
 []


Underfull \hbox (badness 2913) in paragraph at lines 675--678
\T1/5ch/b/n/9.5 ments cov-ers the lower over-voltage range, where the
 []


Underfull \hbox (badness 1852) in paragraph at lines 675--678
\T1/5ch/b/n/9.5 low gain makes ex-ter-nal am-pli-fi-ca-tion nec-es-sary. The
 []


Underfull \hbox (badness 4608) in paragraph at lines 675--678
\T1/5ch/b/n/9.5 with 8V was used dur-ing this test. I chose the
 []


Underfull \hbox (badness 3312) in paragraph at lines 675--678
\T1/5ch/b/n/9.5 low-est pos-si-ble am-pli-fi-ca-tion of the PreAMP, so that
 []


Underfull \hbox (badness 2119) in paragraph at lines 675--678
\T1/5ch/b/n/9.5 reach-ing the point of sat-u-ra-tion of the os-cil-lo-scope is
 []


Underfull \hbox (badness 2990) in paragraph at lines 675--678
\T1/5ch/b/n/9.5 as late as pos-si-ble as the over-voltage rises. Sat-u-
 []


Underfull \hbox (badness 2970) in paragraph at lines 675--678
\T1/5ch/b/n/9.5 ra-tion of the os-cil-lo-scope oc-curs due to the pos-si-bil-
 []


Underfull \hbox (badness 2547) in paragraph at lines 675--678
\T1/5ch/b/n/9.5 ity of gen-er-at-ing very large p.e. (>10p.e.) events
 []


Underfull \hbox (badness 1655) in paragraph at lines 675--678
\T1/5ch/b/n/9.5 put. Joint to-gether, the LCT5 7mm de-vice and the
 []


Underfull \hbox (badness 4001) in paragraph at lines 675--678
\T1/5ch/b/n/9.5 mini-circuits PreAMP at 8V reach this point at an
 []


Underfull \hbox (badness 10000) in paragraph at lines 675--678

 []


<D:/OwnCloudData/02_Results/LCT5_75um_7mm/Paper/LCT5_7mmDCR_vs_OV_Combined.png,
 id=824, 464.6961pt x 411.2163pt>
File: D:/OwnCloudData/02_Results/LCT5_75um_7mm/Paper/LCT5_7mmDCR_vs_OV_Combined
.png Graphic file (type png)

<use D:/OwnCloudData/02_Results/LCT5_75um_7mm/Paper/LCT5_7mmDCR_vs_OV_Combined.
png>
Package pdftex.def Info: D:/OwnCloudData/02_Results/LCT5_75um_7mm/Paper/LCT5_7m
mDCR_vs_OV_Combined.png used on input line 685.
(pdftex.def)             Requested size: 248.96162pt x 220.30913pt.

Underfull \hbox (badness 10000) in paragraph at lines 690--692

 []


Underfull \hbox (badness 10000) in paragraph at lines 690--692

 []


Underfull \hbox (badness 10000) in paragraph at lines 690--692

 []


Underfull \hbox (badness 10000) in paragraph at lines 690--692

 []

[30 <D:/OwnCloudData/02_Results/LCT5_75um_7mm/Paper/LCT5_7mmGain_vs_OV_Combined
.png> <D:/OwnCloudData/02_Results/LCT5_75um_7mm/Paper/LCT5_7mmDCR_vs_OV_Combine
d.png>]
<D:/OwnCloudData/02_Results/LCT5_75um_7mm/Paper/LCT5_7mmOCT_vs_OV_Combined.png,
 id=833, 416.2752pt x 403.2666pt>
File: D:/OwnCloudData/02_Results/LCT5_75um_7mm/Paper/LCT5_7mmOCT_vs_OV_Combined
.png Graphic file (type png)

<use D:/OwnCloudData/02_Results/LCT5_75um_7mm/Paper/LCT5_7mmOCT_vs_OV_Combined.
png>
Package pdftex.def Info: D:/OwnCloudData/02_Results/LCT5_75um_7mm/Paper/LCT5_7m
mOCT_vs_OV_Combined.png used on input line 697.
(pdftex.def)             Requested size: 248.96162pt x 241.1865pt.

Underfull \hbox (badness 1728) in paragraph at lines 701--703
[]\T1/5ch/b/n/9.5 The Op-ti-cal Cross Talk is ex-pected to be lin-ear
 []


Underfull \hbox (badness 1859) in paragraph at lines 701--703
\T1/5ch/b/n/9.5 and in-de-pen-dent from tem-per-a-ture. This is the
 []


Underfull \hbox (badness 1755) in paragraph at lines 701--703
\T1/5ch/b/n/9.5 case in the, in sec-tion 8.3.2[] es-tab-lished, rel-e-vant
 []


Underfull \hbox (badness 1776) in paragraph at lines 701--703
\T1/5ch/b/n/9.5 voltage from the gain-regression line. The over-
 []


Underfull \hbox (badness 1728) in paragraph at lines 701--703
\T1/5ch/b/n/9.5 the mea-sure-ments from the Uni-ver-sity of Cata-nia
 []


Underfull \hbox (badness 10000) in paragraph at lines 701--703

 []


Underfull \hbox (badness 10000) in paragraph at lines 701--703

 []


Underfull \hbox (badness 10000) in paragraph at lines 701--703

 []


Underfull \hbox (badness 10000) in paragraph at lines 701--703

 []


Underfull \hbox (badness 10000) in paragraph at lines 701--703

 []


Underfull \hbox (badness 10000) in paragraph at lines 701--703

 []


Underfull \hbox (badness 10000) in paragraph at lines 701--703

 []


Underfull \hbox (badness 10000) in paragraph at lines 701--703

 []


Underfull \hbox (badness 10000) in paragraph at lines 701--703

 []


Underfull \hbox (badness 10000) in paragraph at lines 701--703

 []


Underfull \hbox (badness 10000) in paragraph at lines 701--703

 []

[31 <D:/OwnCloudData/02_Results/LCT5_75um_7mm/Paper/LCT5_7mmOCT_vs_OV_Combined.
png>]
<D:/OwnCloudData/00_WriteUp/04_Thesis/Pic/SiPM_Pics/LVR6mmPIC.JPG, id=840, 3019
.28pt x 2007.5pt>
File: D:/OwnCloudData/00_WriteUp/04_Thesis/Pic/SiPM_Pics/LVR6mmPIC.JPG Graphic 
file (type jpg)

<use D:/OwnCloudData/00_WriteUp/04_Thesis/Pic/SiPM_Pics/LVR6mmPIC.JPG>
Package pdftex.def Info: D:/OwnCloudData/00_WriteUp/04_Thesis/Pic/SiPM_Pics/LVR
6mmPIC.JPG used on input line 710.
(pdftex.def)             Requested size: 199.16626pt x 131.57047pt.


LaTeX Warning: Reference `subsubsec:LCT56' on page 32 undefined on input line 7
14.


Underfull \hbox (badness 3713) in paragraph at lines 714--716
[]\T1/5ch/b/n/9.5 The Sil-i-con Pho-to-mul-ti-plier by Hama-matsu Pho-ton-ics w
ith
 []


Underfull \hbox (badness 3271) in paragraph at lines 714--716
\T1/5ch/b/n/9.5 the LCT5 de-sign. LVR is an abre-vi-a-tion of Low Volt-
 []


Underfull \hbox (badness 3557) in paragraph at lines 714--716
\T1/5ch/b/n/9.5 has the same phys-i-cal size as an LCT5 50$\OML/mdbch/m/it/9.9 
$\T1/5ch/b/n/9.5 m 6mm de-
 []


Underfull \hbox (badness 4060) in paragraph at lines 714--716
\T1/5ch/b/n/9.5 vice (S13360 []), a pix-el-size of 6mm pixel with a cell-
 []


Underfull \hbox (badness 1910) in paragraph at lines 714--716
\T1/5ch/b/n/9.5 size of 50$\OML/mdbch/m/it/9.9 $\T1/5ch/b/n/9.5 m. The rec-om-
mended point of op-er-a-tion how-
 []


Underfull \hbox (badness 5374) in paragraph at lines 714--716
\T1/5ch/b/n/9.5 ever is $\OMS/mdbch/m/n/9.9 $\T1/5ch/b/n/9.5 15V be-low that o
f the S13360 de-vice, specif-i-
 []


Underfull \hbox (badness 2173) in paragraph at lines 714--716
\T1/5ch/b/n/9.5 cally at 40.2V(LVR) in-stead of 54.7V (S13360). The un-
 []


Underfull \hbox (badness 7832) in paragraph at lines 714--716
\T1/5ch/b/n/9.5 shaped sig-nal is sim-i-lar to other LCT5 de-vices, there-
 []


Underfull \hbox (badness 5175) in paragraph at lines 714--716
\T1/5ch/b/n/9.5 fore us-ing the same mod-i-fied CHEC-S shaper is fea-si-ble
 []


Underfull \hbox (badness 5878) in paragraph at lines 714--716
\T1/5ch/b/n/9.5 in this case. Af-ter that the sig-nal is am-pli-fied with
 []


Underfull \hbox (badness 5878) in paragraph at lines 714--716
\T1/5ch/b/n/9.5 the same mini-circuits PreAMP SNXXXXX sup-plied with
 []


Underfull \hbox (badness 10000) in paragraph at lines 714--716

 []


<D:/OwnCloudData/02_Results/LVR_50um_6mm/Average_25.0_40.2_PulseShape.pdf, id=8
42, 1286.2272pt x 690.80331pt>
File: D:/OwnCloudData/02_Results/LVR_50um_6mm/Average_25.0_40.2_PulseShape.pdf 
Graphic file (type pdf)

<use D:/OwnCloudData/02_Results/LVR_50um_6mm/Average_25.0_40.2_PulseShape.pdf>
Package pdftex.def Info: D:/OwnCloudData/02_Results/LVR_50um_6mm/Average_25.0_4
0.2_PulseShape.pdf used on input line 721.
(pdftex.def)             Requested size: 1286.22408pt x 690.80164pt.

<D:/OwnCloudData/02_Results/LVR_50um_6mm/Paper/LVR_6mmGain_vs_Vb_Combined.png, 
id=844, 403.9893pt x 403.9893pt>
File: D:/OwnCloudData/02_Results/LVR_50um_6mm/Paper/LVR_6mmGain_vs_Vb_Combined.
png Graphic file (type png)

<use D:/OwnCloudData/02_Results/LVR_50um_6mm/Paper/LVR_6mmGain_vs_Vb_Combined.p
ng>
Package pdftex.def Info: D:/OwnCloudData/02_Results/LVR_50um_6mm/Paper/LVR_6mmG
ain_vs_Vb_Combined.png used on input line 735.
(pdftex.def)             Requested size: 403.98831pt x 403.98831pt.

<D:/OwnCloudData/02_Results/LVR_50um_6mm/Paper/LVR_6mmGain_vs_OV_Combined.png, 
id=846, 390.9807pt x 403.9893pt>
File: D:/OwnCloudData/02_Results/LVR_50um_6mm/Paper/LVR_6mmGain_vs_OV_Combined.
png Graphic file (type png)

<use D:/OwnCloudData/02_Results/LVR_50um_6mm/Paper/LVR_6mmGain_vs_OV_Combined.p
ng>
Package pdftex.def Info: D:/OwnCloudData/02_Results/LVR_50um_6mm/Paper/LVR_6mmG
ain_vs_OV_Combined.png used on input line 736.
(pdftex.def)             Requested size: 390.97974pt x 403.98831pt.


LaTeX Warning: `h' float specifier changed to `ht'.

[32 <D:/OwnCloudData/00_WriteUp/04_Thesis/Pic/SiPM_Pics/LVR6mmPIC.JPG> <D:/OwnC
loudData/02_Results/LVR_50um_6mm/Average_25.0_40.2_PulseShape.pdf>]
<D:/OwnCloudData/02_Results/LVR_50um_6mm/Paper/LVR_6mmDCR_vs_Vb_Combined.png, i
d=895, 460.3599pt x 411.2163pt>
File: D:/OwnCloudData/02_Results/LVR_50um_6mm/Paper/LVR_6mmDCR_vs_Vb_Combined.p
ng Graphic file (type png)

<use D:/OwnCloudData/02_Results/LVR_50um_6mm/Paper/LVR_6mmDCR_vs_Vb_Combined.pn
g>
Package pdftex.def Info: D:/OwnCloudData/02_Results/LVR_50um_6mm/Paper/LVR_6mmD
CR_vs_Vb_Combined.png used on input line 749.
(pdftex.def)             Requested size: 460.35876pt x 411.21529pt.

<D:/OwnCloudData/02_Results/LVR_50um_6mm/Paper/LVR_6mmOCT_vs_OV_Combined.png, i
d=897, 411.939pt x 403.2666pt>
File: D:/OwnCloudData/02_Results/LVR_50um_6mm/Paper/LVR_6mmOCT_vs_OV_Combined.p
ng Graphic file (type png)

<use D:/OwnCloudData/02_Results/LVR_50um_6mm/Paper/LVR_6mmOCT_vs_OV_Combined.pn
g>
Package pdftex.def Info: D:/OwnCloudData/02_Results/LVR_50um_6mm/Paper/LVR_6mmO
CT_vs_OV_Combined.png used on input line 750.
(pdftex.def)             Requested size: 411.93797pt x 403.26561pt.
 [33 <D:/OwnCloudData/02_Results/LVR_50um_6mm/Paper/LVR_6mmGain_vs_Vb_Combined.
png> <D:/OwnCloudData/02_Results/LVR_50um_6mm/Paper/LVR_6mmGain_vs_OV_Combined.
png> <D:/OwnCloudData/02_Results/LVR_50um_6mm/Paper/LVR_6mmDCR_vs_Vb_Combined.p
ng> <D:/OwnCloudData/02_Results/LVR_50um_6mm/Paper/LVR_6mmOCT_vs_OV_Combined.pn
g>]
<D:/OwnCloudData/00_WriteUp/04_Thesis/Pic/SiPM_Pics/SensLPIC.JPG, id=910, 264.2
3718pt x 255.20343pt>
File: D:/OwnCloudData/00_WriteUp/04_Thesis/Pic/SiPM_Pics/SensLPIC.JPG Graphic f
ile (type jpg)

<use D:/OwnCloudData/00_WriteUp/04_Thesis/Pic/SiPM_Pics/SensLPIC.JPG>
Package pdftex.def Info: D:/OwnCloudData/00_WriteUp/04_Thesis/Pic/SiPM_Pics/Sen
sLPIC.JPG used on input line 765.
(pdftex.def)             Requested size: 264.23653pt x 255.2028pt.

<D:/OwnCloudData/02_Results/SensL/SensL/Fig/SensL_T25.0_Vb29.0.trcPulseShape.pd
f, id=912, 499.29349pt x 468.61638pt>
File: D:/OwnCloudData/02_Results/SensL/SensL/Fig/SensL_T25.0_Vb29.0.trcPulseSha
pe.pdf Graphic file (type pdf)

<use D:/OwnCloudData/02_Results/SensL/SensL/Fig/SensL_T25.0_Vb29.0.trcPulseShap
e.pdf>
Package pdftex.def Info: D:/OwnCloudData/02_Results/SensL/SensL/Fig/SensL_T25.0
_Vb29.0.trcPulseShape.pdf used on input line 766.
(pdftex.def)             Requested size: 499.29227pt x 468.61522pt.

<D:/OwnCloudData/02_Results/SensL/SensL/RelGain_vs_Vb_Clean.pdf, id=914, 491.89
082pt x 467.23622pt>
File: D:/OwnCloudData/02_Results/SensL/SensL/RelGain_vs_Vb_Clean.pdf Graphic fi
le (type pdf)

<use D:/OwnCloudData/02_Results/SensL/SensL/RelGain_vs_Vb_Clean.pdf>
Package pdftex.def Info: D:/OwnCloudData/02_Results/SensL/SensL/RelGain_vs_Vb_C
lean.pdf used on input line 782.
(pdftex.def)             Requested size: 491.88962pt x 467.23508pt.

<D:/OwnCloudData/02_Results/SensL/SensL/RelGain_vs_OV.pdf, id=916, 495.72546pt 
x 467.23622pt>
File: D:/OwnCloudData/02_Results/SensL/SensL/RelGain_vs_OV.pdf Graphic file (ty
pe pdf)
 <use D:/OwnCloudData/02_Results/SensL/SensL/RelGain_vs_OV.pdf>
Package pdftex.def Info: D:/OwnCloudData/02_Results/SensL/SensL/RelGain_vs_OV.p
df used on input line 783.
(pdftex.def)             Requested size: 495.72426pt x 467.23508pt.


LaTeX Warning: `h' float specifier changed to `ht'.

[34 <D:/OwnCloudData/00_WriteUp/04_Thesis/Pic/SiPM_Pics/SensLPIC.JPG> <D:/OwnCl
oudData/02_Results/SensL/SensL/Fig/SensL_T25.0_Vb29.0.trcPulseShape.pdf>]
<D:/OwnCloudData/02_Results/SensL/SensL/DCR_vs_OV.pdf, id=962, 511.06403pt x 46
7.23622pt>
File: D:/OwnCloudData/02_Results/SensL/SensL/DCR_vs_OV.pdf Graphic file (type p
df)
 <use D:/OwnCloudData/02_Results/SensL/SensL/DCR_vs_OV.pdf>
Package pdftex.def Info: D:/OwnCloudData/02_Results/SensL/SensL/DCR_vs_OV.pdf u
sed on input line 798.
(pdftex.def)             Requested size: 511.06277pt x 467.23508pt.

<D:/OwnCloudData/02_Results/SensL/SensL/OCT_vs_OV.pdf, id=964, 462.86835pt x 46
7.23622pt>
File: D:/OwnCloudData/02_Results/SensL/SensL/OCT_vs_OV.pdf Graphic file (type p
df)
 <use D:/OwnCloudData/02_Results/SensL/SensL/OCT_vs_OV.pdf>
Package pdftex.def Info: D:/OwnCloudData/02_Results/SensL/SensL/OCT_vs_OV.pdf u
sed on input line 799.
(pdftex.def)             Requested size: 462.86722pt x 467.23508pt.
 [35 <D:/OwnCloudData/02_Results/SensL/SensL/RelGain_vs_Vb_Clean.pdf> <D:/OwnCl
oudData/02_Results/SensL/SensL/RelGain_vs_OV.pdf> <D:/OwnCloudData/02_Results/S
ensL/SensL/DCR_vs_OV.pdf> <D:/OwnCloudData/02_Results/SensL/SensL/OCT_vs_OV.pdf
>]
Underfull \hbox (badness 10000) in paragraph at lines 822--827

 []


<D:/OwnCloudData/02_Results/DeviceCompare_d2017-02-09/Presentation/Device_Compa
reDCR_vs_OV_Combined.png, id=1176, 793.5246pt x 527.571pt>
File: D:/OwnCloudData/02_Results/DeviceCompare_d2017-02-09/Presentation/Device_
CompareDCR_vs_OV_Combined.png Graphic file (type png)

<use D:/OwnCloudData/02_Results/DeviceCompare_d2017-02-09/Presentation/Device_C
ompareDCR_vs_OV_Combined.png>
Package pdftex.def Info: D:/OwnCloudData/02_Results/DeviceCompare_d2017-02-09/P
resentation/Device_CompareDCR_vs_OV_Combined.png used on input line 832.
(pdftex.def)             Requested size: 793.52266pt x 527.56972pt.

Underfull \hbox (badness 10000) in paragraph at lines 841--843

 []

[36 <D:/OwnCloudData/02_Results/DeviceCompare_d2017-02-09/Presentation/Device_C
ompareDCR_vs_OV_Combined.png>]
<D:/OwnCloudData/02_Results/DeviceCompare_d2017-02-09/Presentation/Device_Compa
reOCT_vs_OV_Combined.png, id=1183, 766.062pt x 519.6213pt>
File: D:/OwnCloudData/02_Results/DeviceCompare_d2017-02-09/Presentation/Device_
CompareOCT_vs_OV_Combined.png Graphic file (type png)

<use D:/OwnCloudData/02_Results/DeviceCompare_d2017-02-09/Presentation/Device_C
ompareOCT_vs_OV_Combined.png>
Package pdftex.def Info: D:/OwnCloudData/02_Results/DeviceCompare_d2017-02-09/P
resentation/Device_CompareOCT_vs_OV_Combined.png used on input line 849.
(pdftex.def)             Requested size: 766.06012pt x 519.62003pt.

Underfull \hbox (badness 10000) in paragraph at lines 855--860

 []

[37 <D:/OwnCloudData/02_Results/DeviceCompare_d2017-02-09/Presentation/Device_C
ompareOCT_vs_OV_Combined.png>]
<D:/OwnCloudData/02_Results/OtherGroups/Nagoya/OVvsPDEver9.pdf, id=1190, 569.12
625pt x 386.44376pt>
File: D:/OwnCloudData/02_Results/OtherGroups/Nagoya/OVvsPDEver9.pdf Graphic fil
e (type pdf)

<use D:/OwnCloudData/02_Results/OtherGroups/Nagoya/OVvsPDEver9.pdf>
Package pdftex.def Info: D:/OwnCloudData/02_Results/OtherGroups/Nagoya/OVvsPDEv
er9.pdf used on input line 872.
(pdftex.def)             Requested size: 569.12486pt x 386.44281pt.

<D:/OwnCloudData/02_Results/OtherGroups/Nagoya/PDEvsCTver9.pdf, id=1192, 569.12
625pt x 386.44376pt>
File: D:/OwnCloudData/02_Results/OtherGroups/Nagoya/PDEvsCTver9.pdf Graphic fil
e (type pdf)

<use D:/OwnCloudData/02_Results/OtherGroups/Nagoya/PDEvsCTver9.pdf>
Package pdftex.def Info: D:/OwnCloudData/02_Results/OtherGroups/Nagoya/PDEvsCTv
er9.pdf used on input line 873.
(pdftex.def)             Requested size: 569.12486pt x 386.44281pt.
 [38 <D:/OwnCloudData/02_Results/OtherGroups/Nagoya/OVvsPDEver9.pdf> <D:/OwnClo
udData/02_Results/OtherGroups/Nagoya/PDEvsCTver9.pdf>] [39]
<D:/OwnCloudData/02_Results/HPK_S12642/Paper/S12642Vbr_vs_T_Combined.png, id=12
32, 417.7206pt x 406.8801pt>
File: D:/OwnCloudData/02_Results/HPK_S12642/Paper/S12642Vbr_vs_T_Combined.png G
raphic file (type png)

<use D:/OwnCloudData/02_Results/HPK_S12642/Paper/S12642Vbr_vs_T_Combined.png>
Package pdftex.def Info: D:/OwnCloudData/02_Results/HPK_S12642/Paper/S12642Vbr_
vs_T_Combined.png used on input line 910.
(pdftex.def)             Requested size: 417.71957pt x 406.8791pt.

<D:/OwnCloudData/02_Results/LCT5_50um_6mm/Paper/LCT5_6mmVbr_vs_T_Combined.png, 
id=1234, 409.7709pt x 406.8801pt>
File: D:/OwnCloudData/02_Results/LCT5_50um_6mm/Paper/LCT5_6mmVbr_vs_T_Combined.
png Graphic file (type png)

<use D:/OwnCloudData/02_Results/LCT5_50um_6mm/Paper/LCT5_6mmVbr_vs_T_Combined.p
ng>
Package pdftex.def Info: D:/OwnCloudData/02_Results/LCT5_50um_6mm/Paper/LCT5_6m
mVbr_vs_T_Combined.png used on input line 911.
(pdftex.def)             Requested size: 409.7699pt x 406.8791pt.

<D:/OwnCloudData/02_Results/LCT5_75um_7mm/Paper/LCT5_7mmVbr_vs_T_Combined.png, 
id=1236, 409.7709pt x 406.8801pt>
File: D:/OwnCloudData/02_Results/LCT5_75um_7mm/Paper/LCT5_7mmVbr_vs_T_Combined.
png Graphic file (type png)

<use D:/OwnCloudData/02_Results/LCT5_75um_7mm/Paper/LCT5_7mmVbr_vs_T_Combined.p
ng>
Package pdftex.def Info: D:/OwnCloudData/02_Results/LCT5_75um_7mm/Paper/LCT5_7m
mVbr_vs_T_Combined.png used on input line 912.
(pdftex.def)             Requested size: 409.7699pt x 406.8791pt.

<D:/OwnCloudData/02_Results/LVR_50um_6mm/Paper/LVR_6mmVbr_vs_T_Combined.png, id
=1238, 409.7709pt x 406.8801pt>
File: D:/OwnCloudData/02_Results/LVR_50um_6mm/Paper/LVR_6mmVbr_vs_T_Combined.pn
g Graphic file (type png)

<use D:/OwnCloudData/02_Results/LVR_50um_6mm/Paper/LVR_6mmVbr_vs_T_Combined.png
>
Package pdftex.def Info: D:/OwnCloudData/02_Results/LVR_50um_6mm/Paper/LVR_6mmV
br_vs_T_Combined.png used on input line 913.
(pdftex.def)             Requested size: 409.7699pt x 406.8791pt.

<D:/OwnCloudData/02_Results/SensL/SensL/BreakDownVoltage_vs_Temp.pdf, id=1240, 
474.37225pt x 458.7514pt>
File: D:/OwnCloudData/02_Results/SensL/SensL/BreakDownVoltage_vs_Temp.pdf Graph
ic file (type pdf)

<use D:/OwnCloudData/02_Results/SensL/SensL/BreakDownVoltage_vs_Temp.pdf>
Package pdftex.def Info: D:/OwnCloudData/02_Results/SensL/SensL/BreakDownVoltag
e_vs_Temp.pdf used on input line 914.
(pdftex.def)             Requested size: 474.37108pt x 458.75027pt.

[40 <D:/OwnCloudData/02_Results/HPK_S12642/Paper/S12642Vbr_vs_T_Combined.png> <
D:/OwnCloudData/02_Results/LCT5_50um_6mm/Paper/LCT5_6mmVbr_vs_T_Combined.png> <
D:/OwnCloudData/02_Results/LCT5_75um_7mm/Paper/LCT5_7mmVbr_vs_T_Combined.png> <
D:/OwnCloudData/02_Results/LVR_50um_6mm/Paper/LVR_6mmVbr_vs_T_Combined.png> <D:
/OwnCloudData/02_Results/SensL/SensL/BreakDownVoltage_vs_Temp.pdf>]
<D:/OwnCloudData/02_Results/HPK_S12642/PIXELCOMPARE/CHECS-tile_pixel_comp_DCR_v
s_Vb_Combined.pdf, id=1297, 1322.40141pt x 700.66829pt>
File: D:/OwnCloudData/02_Results/HPK_S12642/PIXELCOMPARE/CHECS-tile_pixel_comp_
DCR_vs_Vb_Combined.pdf Graphic file (type pdf)

<use D:/OwnCloudData/02_Results/HPK_S12642/PIXELCOMPARE/CHECS-tile_pixel_comp_D
CR_vs_Vb_Combined.pdf>
Package pdftex.def Info: D:/OwnCloudData/02_Results/HPK_S12642/PIXELCOMPARE/CHE
CS-tile_pixel_comp_DCR_vs_Vb_Combined.pdf used on input line 927.
(pdftex.def)             Requested size: 1322.3982pt x 700.66658pt.
File: D:/OwnCloudData/02_Results/HPK_S12642/PIXELCOMPARE/CHECS-tile_pixel_comp_
DCR_vs_OV_Combined.pdf Graphic file (type pdf)

<use D:/OwnCloudData/02_Results/HPK_S12642/PIXELCOMPARE/CHECS-tile_pixel_comp_D
CR_vs_OV_Combined.pdf>
Package pdftex.def Info: D:/OwnCloudData/02_Results/HPK_S12642/PIXELCOMPARE/CHE
CS-tile_pixel_comp_DCR_vs_OV_Combined.pdf used on input line 928.
(pdftex.def)             Requested size: 1318.56357pt x 700.66658pt.
 [41 <D:/OwnCloudData/02_Results/HPK_S12642/PIXELCOMPARE/CHECS-tile_pixel_comp_
DCR_vs_Vb_Combined.pdf>]
<D:/OwnCloudData/00_WriteUP/04_Thesis/Pic/AnalysisSteps/IntWinCompare/checs_55.
png, id=1360, 1517.67pt x 797.1381pt>
File: D:/OwnCloudData/00_WriteUP/04_Thesis/Pic/AnalysisSteps/IntWinCompare/chec
s_55.png Graphic file (type png)

<use D:/OwnCloudData/00_WriteUP/04_Thesis/Pic/AnalysisSteps/IntWinCompare/checs
_55.png>
Package pdftex.def Info: D:/OwnCloudData/00_WriteUP/04_Thesis/Pic/AnalysisSteps
/IntWinCompare/checs_55.png used on input line 942.
(pdftex.def)             Requested size: 1403.85559pt x 683.32545pt.

<D:/OwnCloudData/00_WriteUP/04_Thesis/Pic/AnalysisSteps/IntWinCompare/checs_520
.png, id=1362, 1517.67pt x 797.1381pt>
File: D:/OwnCloudData/00_WriteUP/04_Thesis/Pic/AnalysisSteps/IntWinCompare/chec
s_520.png Graphic file (type png)

<use D:/OwnCloudData/00_WriteUP/04_Thesis/Pic/AnalysisSteps/IntWinCompare/checs
_520.png>
Package pdftex.def Info: D:/OwnCloudData/00_WriteUP/04_Thesis/Pic/AnalysisSteps
/IntWinCompare/checs_520.png used on input line 943.
(pdftex.def)             Requested size: 1403.85559pt x 654.87277pt.

<D:/OwnCloudData/00_WriteUP/04_Thesis/Pic/AnalysisSteps/IntWinCompare/checs_101
0.png, id=1364, 1517.67pt x 797.1381pt>
File: D:/OwnCloudData/00_WriteUP/04_Thesis/Pic/AnalysisSteps/IntWinCompare/chec
s_1010.png Graphic file (type png)

<use D:/OwnCloudData/00_WriteUP/04_Thesis/Pic/AnalysisSteps/IntWinCompare/checs
_1010.png>
Package pdftex.def Info: D:/OwnCloudData/00_WriteUP/04_Thesis/Pic/AnalysisSteps
/IntWinCompare/checs_1010.png used on input line 944.
(pdftex.def)             Requested size: 1403.85559pt x 654.87277pt.
 [42 <D:/OwnCloudData/00_WriteUP/04_Thesis/Pic/AnalysisSteps/IntWinCompare/chec
s_55.png> <D:/OwnCloudData/00_WriteUP/04_Thesis/Pic/AnalysisSteps/IntWinCompare
/checs_520.png> <D:/OwnCloudData/00_WriteUP/04_Thesis/Pic/AnalysisSteps/IntWinC
ompare/checs_1010.png>]
LaTeX Font Info:    Try loading font information for T1+txtt on input line 963.


(C:\Users\Ben\AppData\Roaming\MiKTeX\2.9\tex\latex\txfonts\t1txtt.fd
File: t1txtt.fd 2000/12/15 v3.1
) [43]
(chapter_results.aux)

LaTeX Font Warning: Some font shapes were not available, defaults substituted.


LaTeX Warning: There were undefined references.


LaTeX Warning: There were multiply-defined labels.

 ) 
Here is how much of TeX's memory you used:
 9208 strings out of 493334
 163803 string characters out of 3147023
 300396 words of memory out of 3000000
 12421 multiletter control sequences out of 15000+200000
 47697 words of font info for 94 fonts, out of 3000000 for 9000
 1141 hyphenation exceptions out of 8191
 65i,18n,77p,8882b,479s stack positions out of 5000i,500n,10000p,200000b,50000s
{D:/MikTEX/fonts/enc/dvips/fontname/texnansi.enc} <C:\Users\Ben\AppData\Local
\MiKTeX\2.9\fonts\pk\ljfour\jknappen\ec\dpi600\ecrm1000.pk> <C:\Users\Ben\AppDa
ta\Local\MiKTeX\2.9\fonts\pk\ljfour\jknappen\ec\dpi633\ecrm0900.pk> <C:\Users\B
en\AppData\Local\MiKTeX\2.9\fonts\pk\ljfour\jknappen\ec\dpi684\ecrm1000.pk> <C:
\Users\Ben\AppData\Local\MiKTeX\2.9\fonts\pk\ljfour\jknappen\ec\dpi694\ecrm1728
.pk> <C:\Users\Ben\AppData\Local\MiKTeX\2.9\fonts\pk\ljfour\jknappen\ec\dpi600\
ecrm0700.pk> <C:\Users\Ben\AppData\Local\MiKTeX\2.9\fonts\pk\ljfour\jknappen\ec
\dpi690\ecrm1000.pk> <C:\Users\Ben\AppData\Local\MiKTeX\2.9\fonts\pk\ljfour\jkn
appen\ec\dpi1042\ecrm1728.pk><C:/Users/Ben/AppData/Roaming/MiKTeX/2.9/fonts/typ
e1/bitstrea/charter/bchr8a.pfb><C:/Users/Ben/AppData/Roaming/MiKTeX/2.9/fonts/t
ype1/bitstrea/charter/bchri8a.pfb><C:/Users/Ben/AppData/Roaming/MiKTeX/2.9/font
s/type1/mathdesign/mdbch/md-chr7m.pfb><C:/Users/Ben/AppData/Roaming/MiKTeX/2.9/
fonts/type1/mathdesign/mdbch/md-chr7t.pfb><C:/Users/Ben/AppData/Roaming/MiKTeX/
2.9/fonts/type1/mathdesign/mdbch/md-chr7y.pfb><C:/Users/Ben/AppData/Roaming/MiK
TeX/2.9/fonts/type1/mathdesign/mdbch/md-chri7m.pfb><D:/MikTEX/fonts/type1/adobe
/utopia/putri8a.pfb><C:/Users/Ben/AppData/Roaming/MiKTeX/2.9/fonts/type1/public
/txfonts/t1xtt.pfb>
Output written on chapter_results.pdf (45 pages, 16459246 bytes).
PDF statistics:
 1749 PDF objects out of 2073 (max. 8388607)
 0 named destinations out of 1000 (max. 500000)
 717 words of extra memory for PDF output out of 10000 (max. 10000000)

